The system is: Linux - 4.15.0-43-generic - x86_64
Compiling the CXX compiler identification source file "CMakeCXXCompilerId.cpp" succeeded.
Compiler: /usr/bin/c++ 
Build flags: ;
Id flags: 

The output was:
0


Compilation of the CXX compiler identification source "CMakeCXXCompilerId.cpp" produced "a.out"

The CXX compiler identification is GNU, found in "/home/yyoo/src/pytorch/build/CMakeFiles/3.5.1/CompilerIdCXX/a.out"

Compiling the C compiler identification source file "CMakeCCompilerId.c" succeeded.
Compiler: /usr/bin/cc 
Build flags: ;
Id flags: 

The output was:
0


Compilation of the C compiler identification source "CMakeCCompilerId.c" produced "a.out"

The C compiler identification is GNU, found in "/home/yyoo/src/pytorch/build/CMakeFiles/3.5.1/CompilerIdC/a.out"

Determining if the CXX compiler works passed with the following output:
Change Dir: /home/yyoo/src/pytorch/build/CMakeFiles/CMakeTmp

Run Build Command:"/usr/bin/make" "cmTC_07fe3/fast"
/usr/bin/make -f CMakeFiles/cmTC_07fe3.dir/build.make CMakeFiles/cmTC_07fe3.dir/build
make[1]: Entering directory '/home/yyoo/src/pytorch/build/CMakeFiles/CMakeTmp'
Building CXX object CMakeFiles/cmTC_07fe3.dir/testCXXCompiler.cxx.o
/usr/bin/c++      -o CMakeFiles/cmTC_07fe3.dir/testCXXCompiler.cxx.o -c /home/yyoo/src/pytorch/build/CMakeFiles/CMakeTmp/testCXXCompiler.cxx
Linking CXX executable cmTC_07fe3
/usr/bin/cmake -E cmake_link_script CMakeFiles/cmTC_07fe3.dir/link.txt --verbose=1
/usr/bin/c++         CMakeFiles/cmTC_07fe3.dir/testCXXCompiler.cxx.o  -o cmTC_07fe3 
make[1]: Leaving directory '/home/yyoo/src/pytorch/build/CMakeFiles/CMakeTmp'


Detecting CXX compiler ABI info compiled with the following output:
Change Dir: /home/yyoo/src/pytorch/build/CMakeFiles/CMakeTmp

Run Build Command:"/usr/bin/make" "cmTC_cac1c/fast"
/usr/bin/make -f CMakeFiles/cmTC_cac1c.dir/build.make CMakeFiles/cmTC_cac1c.dir/build
make[1]: Entering directory '/home/yyoo/src/pytorch/build/CMakeFiles/CMakeTmp'
Building CXX object CMakeFiles/cmTC_cac1c.dir/CMakeCXXCompilerABI.cpp.o
/usr/bin/c++      -o CMakeFiles/cmTC_cac1c.dir/CMakeCXXCompilerABI.cpp.o -c /usr/share/cmake-3.5/Modules/CMakeCXXCompilerABI.cpp
Linking CXX executable cmTC_cac1c
/usr/bin/cmake -E cmake_link_script CMakeFiles/cmTC_cac1c.dir/link.txt --verbose=1
/usr/bin/c++        -v CMakeFiles/cmTC_cac1c.dir/CMakeCXXCompilerABI.cpp.o  -o cmTC_cac1c  
Using built-in specs.
COLLECT_GCC=/usr/bin/c++
COLLECT_LTO_WRAPPER=/usr/lib/gcc/x86_64-linux-gnu/6/lto-wrapper
Target: x86_64-linux-gnu
Configured with: ../src/configure -v --with-pkgversion='Ubuntu 6.5.0-2ubuntu1~16.04' --with-bugurl=file:///usr/share/doc/gcc-6/README.Bugs --enable-languages=c,ada,c++,java,go,d,fortran,objc,obj-c++ --prefix=/usr --with-as=/usr/bin/x86_64-linux-gnu-as --with-ld=/usr/bin/x86_64-linux-gnu-ld --program-suffix=-6 --program-prefix=x86_64-linux-gnu- --enable-shared --enable-linker-build-id --libexecdir=/usr/lib --without-included-gettext --enable-threads=posix --libdir=/usr/lib --enable-nls --with-sysroot=/ --enable-clocale=gnu --enable-libstdcxx-debug --enable-libstdcxx-time=yes --with-default-libstdcxx-abi=new --enable-gnu-unique-object --disable-vtable-verify --enable-libmpx --enable-plugin --with-system-zlib --disable-browser-plugin --enable-java-awt=gtk --enable-gtk-cairo --with-java-home=/usr/lib/jvm/java-1.5.0-gcj-6-amd64/jre --enable-java-home --with-jvm-root-dir=/usr/lib/jvm/java-1.5.0-gcj-6-amd64 --with-jvm-jar-dir=/usr/lib/jvm-exports/java-1.5.0-gcj-6-amd64 --with-arch-directory=amd64 --with-ecj-jar=/usr/share/java/eclipse-ecj.jar --with-target-system-zlib --enable-objc-gc=auto --enable-multiarch --disable-werror --with-arch-32=i686 --with-abi=m64 --with-multilib-list=m32,m64,mx32 --enable-multilib --with-tune=generic --enable-checking=release --build=x86_64-linux-gnu --host=x86_64-linux-gnu --target=x86_64-linux-gnu
Thread model: posix
gcc version 6.5.0 20181026 (Ubuntu 6.5.0-2ubuntu1~16.04) 
COMPILER_PATH=/usr/lib/gcc/x86_64-linux-gnu/6/:/usr/lib/gcc/x86_64-linux-gnu/6/:/usr/lib/gcc/x86_64-linux-gnu/:/usr/lib/gcc/x86_64-linux-gnu/6/:/usr/lib/gcc/x86_64-linux-gnu/
LIBRARY_PATH=/usr/lib/gcc/x86_64-linux-gnu/6/:/usr/lib/gcc/x86_64-linux-gnu/6/../../../x86_64-linux-gnu/:/usr/lib/gcc/x86_64-linux-gnu/6/../../../../lib/:/lib/x86_64-linux-gnu/:/lib/../lib/:/usr/lib/x86_64-linux-gnu/:/usr/lib/../lib/:/usr/lib/gcc/x86_64-linux-gnu/6/../../../:/lib/:/usr/lib/
COLLECT_GCC_OPTIONS='-v' '-o' 'cmTC_cac1c' '-shared-libgcc' '-mtune=generic' '-march=x86-64'
 /usr/lib/gcc/x86_64-linux-gnu/6/collect2 -plugin /usr/lib/gcc/x86_64-linux-gnu/6/liblto_plugin.so -plugin-opt=/usr/lib/gcc/x86_64-linux-gnu/6/lto-wrapper -plugin-opt=-fresolution=/tmp/ccFramQY.res -plugin-opt=-pass-through=-lgcc_s -plugin-opt=-pass-through=-lgcc -plugin-opt=-pass-through=-lc -plugin-opt=-pass-through=-lgcc_s -plugin-opt=-pass-through=-lgcc --sysroot=/ --build-id --eh-frame-hdr -m elf_x86_64 --hash-style=gnu --as-needed -dynamic-linker /lib64/ld-linux-x86-64.so.2 -z relro -o cmTC_cac1c /usr/lib/gcc/x86_64-linux-gnu/6/../../../x86_64-linux-gnu/crt1.o /usr/lib/gcc/x86_64-linux-gnu/6/../../../x86_64-linux-gnu/crti.o /usr/lib/gcc/x86_64-linux-gnu/6/crtbegin.o -L/usr/lib/gcc/x86_64-linux-gnu/6 -L/usr/lib/gcc/x86_64-linux-gnu/6/../../../x86_64-linux-gnu -L/usr/lib/gcc/x86_64-linux-gnu/6/../../../../lib -L/lib/x86_64-linux-gnu -L/lib/../lib -L/usr/lib/x86_64-linux-gnu -L/usr/lib/../lib -L/usr/lib/gcc/x86_64-linux-gnu/6/../../.. CMakeFiles/cmTC_cac1c.dir/CMakeCXXCompilerABI.cpp.o -lstdc++ -lm -lgcc_s -lgcc -lc -lgcc_s -lgcc /usr/lib/gcc/x86_64-linux-gnu/6/crtend.o /usr/lib/gcc/x86_64-linux-gnu/6/../../../x86_64-linux-gnu/crtn.o
COLLECT_GCC_OPTIONS='-v' '-o' 'cmTC_cac1c' '-shared-libgcc' '-mtune=generic' '-march=x86-64'
make[1]: Leaving directory '/home/yyoo/src/pytorch/build/CMakeFiles/CMakeTmp'


Parsed CXX implicit link information from above output:
  link line regex: [^( *|.*[/\])(ld|([^/\]+-)?ld|collect2)[^/\]*( |$)]
  ignore line: [Change Dir: /home/yyoo/src/pytorch/build/CMakeFiles/CMakeTmp]
  ignore line: []
  ignore line: [Run Build Command:"/usr/bin/make" "cmTC_cac1c/fast"]
  ignore line: [/usr/bin/make -f CMakeFiles/cmTC_cac1c.dir/build.make CMakeFiles/cmTC_cac1c.dir/build]
  ignore line: [make[1]: Entering directory '/home/yyoo/src/pytorch/build/CMakeFiles/CMakeTmp']
  ignore line: [Building CXX object CMakeFiles/cmTC_cac1c.dir/CMakeCXXCompilerABI.cpp.o]
  ignore line: [/usr/bin/c++      -o CMakeFiles/cmTC_cac1c.dir/CMakeCXXCompilerABI.cpp.o -c /usr/share/cmake-3.5/Modules/CMakeCXXCompilerABI.cpp]
  ignore line: [Linking CXX executable cmTC_cac1c]
  ignore line: [/usr/bin/cmake -E cmake_link_script CMakeFiles/cmTC_cac1c.dir/link.txt --verbose=1]
  ignore line: [/usr/bin/c++        -v CMakeFiles/cmTC_cac1c.dir/CMakeCXXCompilerABI.cpp.o  -o cmTC_cac1c  ]
  ignore line: [Using built-in specs.]
  ignore line: [COLLECT_GCC=/usr/bin/c++]
  ignore line: [COLLECT_LTO_WRAPPER=/usr/lib/gcc/x86_64-linux-gnu/6/lto-wrapper]
  ignore line: [Target: x86_64-linux-gnu]
  ignore line: [Configured with: ../src/configure -v --with-pkgversion='Ubuntu 6.5.0-2ubuntu1~16.04' --with-bugurl=file:///usr/share/doc/gcc-6/README.Bugs --enable-languages=c,ada,c++,java,go,d,fortran,objc,obj-c++ --prefix=/usr --with-as=/usr/bin/x86_64-linux-gnu-as --with-ld=/usr/bin/x86_64-linux-gnu-ld --program-suffix=-6 --program-prefix=x86_64-linux-gnu- --enable-shared --enable-linker-build-id --libexecdir=/usr/lib --without-included-gettext --enable-threads=posix --libdir=/usr/lib --enable-nls --with-sysroot=/ --enable-clocale=gnu --enable-libstdcxx-debug --enable-libstdcxx-time=yes --with-default-libstdcxx-abi=new --enable-gnu-unique-object --disable-vtable-verify --enable-libmpx --enable-plugin --with-system-zlib --disable-browser-plugin --enable-java-awt=gtk --enable-gtk-cairo --with-java-home=/usr/lib/jvm/java-1.5.0-gcj-6-amd64/jre --enable-java-home --with-jvm-root-dir=/usr/lib/jvm/java-1.5.0-gcj-6-amd64 --with-jvm-jar-dir=/usr/lib/jvm-exports/java-1.5.0-gcj-6-amd64 --with-arch-directory=amd64 --with-ecj-jar=/usr/share/java/eclipse-ecj.jar --with-target-system-zlib --enable-objc-gc=auto --enable-multiarch --disable-werror --with-arch-32=i686 --with-abi=m64 --with-multilib-list=m32,m64,mx32 --enable-multilib --with-tune=generic --enable-checking=release --build=x86_64-linux-gnu --host=x86_64-linux-gnu --target=x86_64-linux-gnu]
  ignore line: [Thread model: posix]
  ignore line: [gcc version 6.5.0 20181026 (Ubuntu 6.5.0-2ubuntu1~16.04) ]
  ignore line: [COMPILER_PATH=/usr/lib/gcc/x86_64-linux-gnu/6/:/usr/lib/gcc/x86_64-linux-gnu/6/:/usr/lib/gcc/x86_64-linux-gnu/:/usr/lib/gcc/x86_64-linux-gnu/6/:/usr/lib/gcc/x86_64-linux-gnu/]
  ignore line: [LIBRARY_PATH=/usr/lib/gcc/x86_64-linux-gnu/6/:/usr/lib/gcc/x86_64-linux-gnu/6/../../../x86_64-linux-gnu/:/usr/lib/gcc/x86_64-linux-gnu/6/../../../../lib/:/lib/x86_64-linux-gnu/:/lib/../lib/:/usr/lib/x86_64-linux-gnu/:/usr/lib/../lib/:/usr/lib/gcc/x86_64-linux-gnu/6/../../../:/lib/:/usr/lib/]
  ignore line: [COLLECT_GCC_OPTIONS='-v' '-o' 'cmTC_cac1c' '-shared-libgcc' '-mtune=generic' '-march=x86-64']
  link line: [ /usr/lib/gcc/x86_64-linux-gnu/6/collect2 -plugin /usr/lib/gcc/x86_64-linux-gnu/6/liblto_plugin.so -plugin-opt=/usr/lib/gcc/x86_64-linux-gnu/6/lto-wrapper -plugin-opt=-fresolution=/tmp/ccFramQY.res -plugin-opt=-pass-through=-lgcc_s -plugin-opt=-pass-through=-lgcc -plugin-opt=-pass-through=-lc -plugin-opt=-pass-through=-lgcc_s -plugin-opt=-pass-through=-lgcc --sysroot=/ --build-id --eh-frame-hdr -m elf_x86_64 --hash-style=gnu --as-needed -dynamic-linker /lib64/ld-linux-x86-64.so.2 -z relro -o cmTC_cac1c /usr/lib/gcc/x86_64-linux-gnu/6/../../../x86_64-linux-gnu/crt1.o /usr/lib/gcc/x86_64-linux-gnu/6/../../../x86_64-linux-gnu/crti.o /usr/lib/gcc/x86_64-linux-gnu/6/crtbegin.o -L/usr/lib/gcc/x86_64-linux-gnu/6 -L/usr/lib/gcc/x86_64-linux-gnu/6/../../../x86_64-linux-gnu -L/usr/lib/gcc/x86_64-linux-gnu/6/../../../../lib -L/lib/x86_64-linux-gnu -L/lib/../lib -L/usr/lib/x86_64-linux-gnu -L/usr/lib/../lib -L/usr/lib/gcc/x86_64-linux-gnu/6/../../.. CMakeFiles/cmTC_cac1c.dir/CMakeCXXCompilerABI.cpp.o -lstdc++ -lm -lgcc_s -lgcc -lc -lgcc_s -lgcc /usr/lib/gcc/x86_64-linux-gnu/6/crtend.o /usr/lib/gcc/x86_64-linux-gnu/6/../../../x86_64-linux-gnu/crtn.o]
    arg [/usr/lib/gcc/x86_64-linux-gnu/6/collect2] ==> ignore
    arg [-plugin] ==> ignore
    arg [/usr/lib/gcc/x86_64-linux-gnu/6/liblto_plugin.so] ==> ignore
    arg [-plugin-opt=/usr/lib/gcc/x86_64-linux-gnu/6/lto-wrapper] ==> ignore
    arg [-plugin-opt=-fresolution=/tmp/ccFramQY.res] ==> ignore
    arg [-plugin-opt=-pass-through=-lgcc_s] ==> ignore
    arg [-plugin-opt=-pass-through=-lgcc] ==> ignore
    arg [-plugin-opt=-pass-through=-lc] ==> ignore
    arg [-plugin-opt=-pass-through=-lgcc_s] ==> ignore
    arg [-plugin-opt=-pass-through=-lgcc] ==> ignore
    arg [--sysroot=/] ==> ignore
    arg [--build-id] ==> ignore
    arg [--eh-frame-hdr] ==> ignore
    arg [-m] ==> ignore
    arg [elf_x86_64] ==> ignore
    arg [--hash-style=gnu] ==> ignore
    arg [--as-needed] ==> ignore
    arg [-dynamic-linker] ==> ignore
    arg [/lib64/ld-linux-x86-64.so.2] ==> ignore
    arg [-zrelro] ==> ignore
    arg [-o] ==> ignore
    arg [cmTC_cac1c] ==> ignore
    arg [/usr/lib/gcc/x86_64-linux-gnu/6/../../../x86_64-linux-gnu/crt1.o] ==> ignore
    arg [/usr/lib/gcc/x86_64-linux-gnu/6/../../../x86_64-linux-gnu/crti.o] ==> ignore
    arg [/usr/lib/gcc/x86_64-linux-gnu/6/crtbegin.o] ==> ignore
    arg [-L/usr/lib/gcc/x86_64-linux-gnu/6] ==> dir [/usr/lib/gcc/x86_64-linux-gnu/6]
    arg [-L/usr/lib/gcc/x86_64-linux-gnu/6/../../../x86_64-linux-gnu] ==> dir [/usr/lib/gcc/x86_64-linux-gnu/6/../../../x86_64-linux-gnu]
    arg [-L/usr/lib/gcc/x86_64-linux-gnu/6/../../../../lib] ==> dir [/usr/lib/gcc/x86_64-linux-gnu/6/../../../../lib]
    arg [-L/lib/x86_64-linux-gnu] ==> dir [/lib/x86_64-linux-gnu]
    arg [-L/lib/../lib] ==> dir [/lib/../lib]
    arg [-L/usr/lib/x86_64-linux-gnu] ==> dir [/usr/lib/x86_64-linux-gnu]
    arg [-L/usr/lib/../lib] ==> dir [/usr/lib/../lib]
    arg [-L/usr/lib/gcc/x86_64-linux-gnu/6/../../..] ==> dir [/usr/lib/gcc/x86_64-linux-gnu/6/../../..]
    arg [CMakeFiles/cmTC_cac1c.dir/CMakeCXXCompilerABI.cpp.o] ==> ignore
    arg [-lstdc++] ==> lib [stdc++]
    arg [-lm] ==> lib [m]
    arg [-lgcc_s] ==> lib [gcc_s]
    arg [-lgcc] ==> lib [gcc]
    arg [-lc] ==> lib [c]
    arg [-lgcc_s] ==> lib [gcc_s]
    arg [-lgcc] ==> lib [gcc]
    arg [/usr/lib/gcc/x86_64-linux-gnu/6/crtend.o] ==> ignore
    arg [/usr/lib/gcc/x86_64-linux-gnu/6/../../../x86_64-linux-gnu/crtn.o] ==> ignore
  remove lib [gcc_s]
  remove lib [gcc]
  remove lib [gcc_s]
  remove lib [gcc]
  collapse library dir [/usr/lib/gcc/x86_64-linux-gnu/6] ==> [/usr/lib/gcc/x86_64-linux-gnu/6]
  collapse library dir [/usr/lib/gcc/x86_64-linux-gnu/6/../../../x86_64-linux-gnu] ==> [/usr/lib/x86_64-linux-gnu]
  collapse library dir [/usr/lib/gcc/x86_64-linux-gnu/6/../../../../lib] ==> [/usr/lib]
  collapse library dir [/lib/x86_64-linux-gnu] ==> [/lib/x86_64-linux-gnu]
  collapse library dir [/lib/../lib] ==> [/lib]
  collapse library dir [/usr/lib/x86_64-linux-gnu] ==> [/usr/lib/x86_64-linux-gnu]
  collapse library dir [/usr/lib/../lib] ==> [/usr/lib]
  collapse library dir [/usr/lib/gcc/x86_64-linux-gnu/6/../../..] ==> [/usr/lib]
  implicit libs: [stdc++;m;c]
  implicit dirs: [/usr/lib/gcc/x86_64-linux-gnu/6;/usr/lib/x86_64-linux-gnu;/usr/lib;/lib/x86_64-linux-gnu;/lib]
  implicit fwks: []




Detecting CXX [-std=c++14] compiler features compiled with the following output:
Change Dir: /home/yyoo/src/pytorch/build/CMakeFiles/CMakeTmp

Run Build Command:"/usr/bin/make" "cmTC_fbe96/fast"
/usr/bin/make -f CMakeFiles/cmTC_fbe96.dir/build.make CMakeFiles/cmTC_fbe96.dir/build
make[1]: Entering directory '/home/yyoo/src/pytorch/build/CMakeFiles/CMakeTmp'
Building CXX object CMakeFiles/cmTC_fbe96.dir/feature_tests.cxx.o
/usr/bin/c++     -std=c++14 -o CMakeFiles/cmTC_fbe96.dir/feature_tests.cxx.o -c /home/yyoo/src/pytorch/build/CMakeFiles/feature_tests.cxx
Linking CXX executable cmTC_fbe96
/usr/bin/cmake -E cmake_link_script CMakeFiles/cmTC_fbe96.dir/link.txt --verbose=1
/usr/bin/c++         CMakeFiles/cmTC_fbe96.dir/feature_tests.cxx.o  -o cmTC_fbe96 
make[1]: Leaving directory '/home/yyoo/src/pytorch/build/CMakeFiles/CMakeTmp'


    Feature record: CXX_FEATURE:1cxx_aggregate_default_initializers
    Feature record: CXX_FEATURE:1cxx_alias_templates
    Feature record: CXX_FEATURE:1cxx_alignas
    Feature record: CXX_FEATURE:1cxx_alignof
    Feature record: CXX_FEATURE:1cxx_attributes
    Feature record: CXX_FEATURE:1cxx_attribute_deprecated
    Feature record: CXX_FEATURE:1cxx_auto_type
    Feature record: CXX_FEATURE:1cxx_binary_literals
    Feature record: CXX_FEATURE:1cxx_constexpr
    Feature record: CXX_FEATURE:1cxx_contextual_conversions
    Feature record: CXX_FEATURE:1cxx_decltype
    Feature record: CXX_FEATURE:1cxx_decltype_auto
    Feature record: CXX_FEATURE:1cxx_decltype_incomplete_return_types
    Feature record: CXX_FEATURE:1cxx_default_function_template_args
    Feature record: CXX_FEATURE:1cxx_defaulted_functions
    Feature record: CXX_FEATURE:1cxx_defaulted_move_initializers
    Feature record: CXX_FEATURE:1cxx_delegating_constructors
    Feature record: CXX_FEATURE:1cxx_deleted_functions
    Feature record: CXX_FEATURE:1cxx_digit_separators
    Feature record: CXX_FEATURE:1cxx_enum_forward_declarations
    Feature record: CXX_FEATURE:1cxx_explicit_conversions
    Feature record: CXX_FEATURE:1cxx_extended_friend_declarations
    Feature record: CXX_FEATURE:1cxx_extern_templates
    Feature record: CXX_FEATURE:1cxx_final
    Feature record: CXX_FEATURE:1cxx_func_identifier
    Feature record: CXX_FEATURE:1cxx_generalized_initializers
    Feature record: CXX_FEATURE:1cxx_generic_lambdas
    Feature record: CXX_FEATURE:1cxx_inheriting_constructors
    Feature record: CXX_FEATURE:1cxx_inline_namespaces
    Feature record: CXX_FEATURE:1cxx_lambdas
    Feature record: CXX_FEATURE:1cxx_lambda_init_captures
    Feature record: CXX_FEATURE:1cxx_local_type_template_args
    Feature record: CXX_FEATURE:1cxx_long_long_type
    Feature record: CXX_FEATURE:1cxx_noexcept
    Feature record: CXX_FEATURE:1cxx_nonstatic_member_init
    Feature record: CXX_FEATURE:1cxx_nullptr
    Feature record: CXX_FEATURE:1cxx_override
    Feature record: CXX_FEATURE:1cxx_range_for
    Feature record: CXX_FEATURE:1cxx_raw_string_literals
    Feature record: CXX_FEATURE:1cxx_reference_qualified_functions
    Feature record: CXX_FEATURE:1cxx_relaxed_constexpr
    Feature record: CXX_FEATURE:1cxx_return_type_deduction
    Feature record: CXX_FEATURE:1cxx_right_angle_brackets
    Feature record: CXX_FEATURE:1cxx_rvalue_references
    Feature record: CXX_FEATURE:1cxx_sizeof_member
    Feature record: CXX_FEATURE:1cxx_static_assert
    Feature record: CXX_FEATURE:1cxx_strong_enums
    Feature record: CXX_FEATURE:1cxx_template_template_parameters
    Feature record: CXX_FEATURE:1cxx_thread_local
    Feature record: CXX_FEATURE:1cxx_trailing_return_types
    Feature record: CXX_FEATURE:1cxx_unicode_literals
    Feature record: CXX_FEATURE:1cxx_uniform_initialization
    Feature record: CXX_FEATURE:1cxx_unrestricted_unions
    Feature record: CXX_FEATURE:1cxx_user_literals
    Feature record: CXX_FEATURE:1cxx_variable_templates
    Feature record: CXX_FEATURE:1cxx_variadic_macros
    Feature record: CXX_FEATURE:1cxx_variadic_templates


Detecting CXX [-std=c++11] compiler features compiled with the following output:
Change Dir: /home/yyoo/src/pytorch/build/CMakeFiles/CMakeTmp

Run Build Command:"/usr/bin/make" "cmTC_68c0f/fast"
/usr/bin/make -f CMakeFiles/cmTC_68c0f.dir/build.make CMakeFiles/cmTC_68c0f.dir/build
make[1]: Entering directory '/home/yyoo/src/pytorch/build/CMakeFiles/CMakeTmp'
Building CXX object CMakeFiles/cmTC_68c0f.dir/feature_tests.cxx.o
/usr/bin/c++     -std=c++11 -o CMakeFiles/cmTC_68c0f.dir/feature_tests.cxx.o -c /home/yyoo/src/pytorch/build/CMakeFiles/feature_tests.cxx
Linking CXX executable cmTC_68c0f
/usr/bin/cmake -E cmake_link_script CMakeFiles/cmTC_68c0f.dir/link.txt --verbose=1
/usr/bin/c++         CMakeFiles/cmTC_68c0f.dir/feature_tests.cxx.o  -o cmTC_68c0f 
make[1]: Leaving directory '/home/yyoo/src/pytorch/build/CMakeFiles/CMakeTmp'


    Feature record: CXX_FEATURE:0cxx_aggregate_default_initializers
    Feature record: CXX_FEATURE:1cxx_alias_templates
    Feature record: CXX_FEATURE:1cxx_alignas
    Feature record: CXX_FEATURE:1cxx_alignof
    Feature record: CXX_FEATURE:1cxx_attributes
    Feature record: CXX_FEATURE:0cxx_attribute_deprecated
    Feature record: CXX_FEATURE:1cxx_auto_type
    Feature record: CXX_FEATURE:0cxx_binary_literals
    Feature record: CXX_FEATURE:1cxx_constexpr
    Feature record: CXX_FEATURE:0cxx_contextual_conversions
    Feature record: CXX_FEATURE:1cxx_decltype
    Feature record: CXX_FEATURE:0cxx_decltype_auto
    Feature record: CXX_FEATURE:1cxx_decltype_incomplete_return_types
    Feature record: CXX_FEATURE:1cxx_default_function_template_args
    Feature record: CXX_FEATURE:1cxx_defaulted_functions
    Feature record: CXX_FEATURE:1cxx_defaulted_move_initializers
    Feature record: CXX_FEATURE:1cxx_delegating_constructors
    Feature record: CXX_FEATURE:1cxx_deleted_functions
    Feature record: CXX_FEATURE:0cxx_digit_separators
    Feature record: CXX_FEATURE:1cxx_enum_forward_declarations
    Feature record: CXX_FEATURE:1cxx_explicit_conversions
    Feature record: CXX_FEATURE:1cxx_extended_friend_declarations
    Feature record: CXX_FEATURE:1cxx_extern_templates
    Feature record: CXX_FEATURE:1cxx_final
    Feature record: CXX_FEATURE:1cxx_func_identifier
    Feature record: CXX_FEATURE:1cxx_generalized_initializers
    Feature record: CXX_FEATURE:0cxx_generic_lambdas
    Feature record: CXX_FEATURE:1cxx_inheriting_constructors
    Feature record: CXX_FEATURE:1cxx_inline_namespaces
    Feature record: CXX_FEATURE:1cxx_lambdas
    Feature record: CXX_FEATURE:0cxx_lambda_init_captures
    Feature record: CXX_FEATURE:1cxx_local_type_template_args
    Feature record: CXX_FEATURE:1cxx_long_long_type
    Feature record: CXX_FEATURE:1cxx_noexcept
    Feature record: CXX_FEATURE:1cxx_nonstatic_member_init
    Feature record: CXX_FEATURE:1cxx_nullptr
    Feature record: CXX_FEATURE:1cxx_override
    Feature record: CXX_FEATURE:1cxx_range_for
    Feature record: CXX_FEATURE:1cxx_raw_string_literals
    Feature record: CXX_FEATURE:1cxx_reference_qualified_functions
    Feature record: CXX_FEATURE:0cxx_relaxed_constexpr
    Feature record: CXX_FEATURE:0cxx_return_type_deduction
    Feature record: CXX_FEATURE:1cxx_right_angle_brackets
    Feature record: CXX_FEATURE:1cxx_rvalue_references
    Feature record: CXX_FEATURE:1cxx_sizeof_member
    Feature record: CXX_FEATURE:1cxx_static_assert
    Feature record: CXX_FEATURE:1cxx_strong_enums
    Feature record: CXX_FEATURE:1cxx_template_template_parameters
    Feature record: CXX_FEATURE:1cxx_thread_local
    Feature record: CXX_FEATURE:1cxx_trailing_return_types
    Feature record: CXX_FEATURE:1cxx_unicode_literals
    Feature record: CXX_FEATURE:1cxx_uniform_initialization
    Feature record: CXX_FEATURE:1cxx_unrestricted_unions
    Feature record: CXX_FEATURE:1cxx_user_literals
    Feature record: CXX_FEATURE:0cxx_variable_templates
    Feature record: CXX_FEATURE:1cxx_variadic_macros
    Feature record: CXX_FEATURE:1cxx_variadic_templates


Detecting CXX [-std=c++98] compiler features compiled with the following output:
Change Dir: /home/yyoo/src/pytorch/build/CMakeFiles/CMakeTmp

Run Build Command:"/usr/bin/make" "cmTC_587a6/fast"
/usr/bin/make -f CMakeFiles/cmTC_587a6.dir/build.make CMakeFiles/cmTC_587a6.dir/build
make[1]: Entering directory '/home/yyoo/src/pytorch/build/CMakeFiles/CMakeTmp'
Building CXX object CMakeFiles/cmTC_587a6.dir/feature_tests.cxx.o
/usr/bin/c++     -std=c++98 -o CMakeFiles/cmTC_587a6.dir/feature_tests.cxx.o -c /home/yyoo/src/pytorch/build/CMakeFiles/feature_tests.cxx
Linking CXX executable cmTC_587a6
/usr/bin/cmake -E cmake_link_script CMakeFiles/cmTC_587a6.dir/link.txt --verbose=1
/usr/bin/c++         CMakeFiles/cmTC_587a6.dir/feature_tests.cxx.o  -o cmTC_587a6 
make[1]: Leaving directory '/home/yyoo/src/pytorch/build/CMakeFiles/CMakeTmp'


    Feature record: CXX_FEATURE:0cxx_aggregate_default_initializers
    Feature record: CXX_FEATURE:0cxx_alias_templates
    Feature record: CXX_FEATURE:0cxx_alignas
    Feature record: CXX_FEATURE:0cxx_alignof
    Feature record: CXX_FEATURE:0cxx_attributes
    Feature record: CXX_FEATURE:0cxx_attribute_deprecated
    Feature record: CXX_FEATURE:0cxx_auto_type
    Feature record: CXX_FEATURE:0cxx_binary_literals
    Feature record: CXX_FEATURE:0cxx_constexpr
    Feature record: CXX_FEATURE:0cxx_contextual_conversions
    Feature record: CXX_FEATURE:0cxx_decltype
    Feature record: CXX_FEATURE:0cxx_decltype_auto
    Feature record: CXX_FEATURE:0cxx_decltype_incomplete_return_types
    Feature record: CXX_FEATURE:0cxx_default_function_template_args
    Feature record: CXX_FEATURE:0cxx_defaulted_functions
    Feature record: CXX_FEATURE:0cxx_defaulted_move_initializers
    Feature record: CXX_FEATURE:0cxx_delegating_constructors
    Feature record: CXX_FEATURE:0cxx_deleted_functions
    Feature record: CXX_FEATURE:0cxx_digit_separators
    Feature record: CXX_FEATURE:0cxx_enum_forward_declarations
    Feature record: CXX_FEATURE:0cxx_explicit_conversions
    Feature record: CXX_FEATURE:0cxx_extended_friend_declarations
    Feature record: CXX_FEATURE:0cxx_extern_templates
    Feature record: CXX_FEATURE:0cxx_final
    Feature record: CXX_FEATURE:0cxx_func_identifier
    Feature record: CXX_FEATURE:0cxx_generalized_initializers
    Feature record: CXX_FEATURE:0cxx_generic_lambdas
    Feature record: CXX_FEATURE:0cxx_inheriting_constructors
    Feature record: CXX_FEATURE:0cxx_inline_namespaces
    Feature record: CXX_FEATURE:0cxx_lambdas
    Feature record: CXX_FEATURE:0cxx_lambda_init_captures
    Feature record: CXX_FEATURE:0cxx_local_type_template_args
    Feature record: CXX_FEATURE:0cxx_long_long_type
    Feature record: CXX_FEATURE:0cxx_noexcept
    Feature record: CXX_FEATURE:0cxx_nonstatic_member_init
    Feature record: CXX_FEATURE:0cxx_nullptr
    Feature record: CXX_FEATURE:0cxx_override
    Feature record: CXX_FEATURE:0cxx_range_for
    Feature record: CXX_FEATURE:0cxx_raw_string_literals
    Feature record: CXX_FEATURE:0cxx_reference_qualified_functions
    Feature record: CXX_FEATURE:0cxx_relaxed_constexpr
    Feature record: CXX_FEATURE:0cxx_return_type_deduction
    Feature record: CXX_FEATURE:0cxx_right_angle_brackets
    Feature record: CXX_FEATURE:0cxx_rvalue_references
    Feature record: CXX_FEATURE:0cxx_sizeof_member
    Feature record: CXX_FEATURE:0cxx_static_assert
    Feature record: CXX_FEATURE:0cxx_strong_enums
    Feature record: CXX_FEATURE:1cxx_template_template_parameters
    Feature record: CXX_FEATURE:0cxx_thread_local
    Feature record: CXX_FEATURE:0cxx_trailing_return_types
    Feature record: CXX_FEATURE:0cxx_unicode_literals
    Feature record: CXX_FEATURE:0cxx_uniform_initialization
    Feature record: CXX_FEATURE:0cxx_unrestricted_unions
    Feature record: CXX_FEATURE:0cxx_user_literals
    Feature record: CXX_FEATURE:0cxx_variable_templates
    Feature record: CXX_FEATURE:0cxx_variadic_macros
    Feature record: CXX_FEATURE:0cxx_variadic_templates
Determining if the C compiler works passed with the following output:
Change Dir: /home/yyoo/src/pytorch/build/CMakeFiles/CMakeTmp

Run Build Command:"/usr/bin/make" "cmTC_66bff/fast"
/usr/bin/make -f CMakeFiles/cmTC_66bff.dir/build.make CMakeFiles/cmTC_66bff.dir/build
make[1]: Entering directory '/home/yyoo/src/pytorch/build/CMakeFiles/CMakeTmp'
Building C object CMakeFiles/cmTC_66bff.dir/testCCompiler.c.o
/usr/bin/cc     -o CMakeFiles/cmTC_66bff.dir/testCCompiler.c.o   -c /home/yyoo/src/pytorch/build/CMakeFiles/CMakeTmp/testCCompiler.c
Linking C executable cmTC_66bff
/usr/bin/cmake -E cmake_link_script CMakeFiles/cmTC_66bff.dir/link.txt --verbose=1
/usr/bin/cc        CMakeFiles/cmTC_66bff.dir/testCCompiler.c.o  -o cmTC_66bff 
make[1]: Leaving directory '/home/yyoo/src/pytorch/build/CMakeFiles/CMakeTmp'


Detecting C compiler ABI info compiled with the following output:
Change Dir: /home/yyoo/src/pytorch/build/CMakeFiles/CMakeTmp

Run Build Command:"/usr/bin/make" "cmTC_510ae/fast"
/usr/bin/make -f CMakeFiles/cmTC_510ae.dir/build.make CMakeFiles/cmTC_510ae.dir/build
make[1]: Entering directory '/home/yyoo/src/pytorch/build/CMakeFiles/CMakeTmp'
Building C object CMakeFiles/cmTC_510ae.dir/CMakeCCompilerABI.c.o
/usr/bin/cc     -o CMakeFiles/cmTC_510ae.dir/CMakeCCompilerABI.c.o   -c /usr/share/cmake-3.5/Modules/CMakeCCompilerABI.c
Linking C executable cmTC_510ae
/usr/bin/cmake -E cmake_link_script CMakeFiles/cmTC_510ae.dir/link.txt --verbose=1
/usr/bin/cc       -v CMakeFiles/cmTC_510ae.dir/CMakeCCompilerABI.c.o  -o cmTC_510ae  
Using built-in specs.
COLLECT_GCC=/usr/bin/cc
COLLECT_LTO_WRAPPER=/usr/lib/gcc/x86_64-linux-gnu/6/lto-wrapper
Target: x86_64-linux-gnu
Configured with: ../src/configure -v --with-pkgversion='Ubuntu 6.5.0-2ubuntu1~16.04' --with-bugurl=file:///usr/share/doc/gcc-6/README.Bugs --enable-languages=c,ada,c++,java,go,d,fortran,objc,obj-c++ --prefix=/usr --with-as=/usr/bin/x86_64-linux-gnu-as --with-ld=/usr/bin/x86_64-linux-gnu-ld --program-suffix=-6 --program-prefix=x86_64-linux-gnu- --enable-shared --enable-linker-build-id --libexecdir=/usr/lib --without-included-gettext --enable-threads=posix --libdir=/usr/lib --enable-nls --with-sysroot=/ --enable-clocale=gnu --enable-libstdcxx-debug --enable-libstdcxx-time=yes --with-default-libstdcxx-abi=new --enable-gnu-unique-object --disable-vtable-verify --enable-libmpx --enable-plugin --with-system-zlib --disable-browser-plugin --enable-java-awt=gtk --enable-gtk-cairo --with-java-home=/usr/lib/jvm/java-1.5.0-gcj-6-amd64/jre --enable-java-home --with-jvm-root-dir=/usr/lib/jvm/java-1.5.0-gcj-6-amd64 --with-jvm-jar-dir=/usr/lib/jvm-exports/java-1.5.0-gcj-6-amd64 --with-arch-directory=amd64 --with-ecj-jar=/usr/share/java/eclipse-ecj.jar --with-target-system-zlib --enable-objc-gc=auto --enable-multiarch --disable-werror --with-arch-32=i686 --with-abi=m64 --with-multilib-list=m32,m64,mx32 --enable-multilib --with-tune=generic --enable-checking=release --build=x86_64-linux-gnu --host=x86_64-linux-gnu --target=x86_64-linux-gnu
Thread model: posix
gcc version 6.5.0 20181026 (Ubuntu 6.5.0-2ubuntu1~16.04) 
COMPILER_PATH=/usr/lib/gcc/x86_64-linux-gnu/6/:/usr/lib/gcc/x86_64-linux-gnu/6/:/usr/lib/gcc/x86_64-linux-gnu/:/usr/lib/gcc/x86_64-linux-gnu/6/:/usr/lib/gcc/x86_64-linux-gnu/
LIBRARY_PATH=/usr/lib/gcc/x86_64-linux-gnu/6/:/usr/lib/gcc/x86_64-linux-gnu/6/../../../x86_64-linux-gnu/:/usr/lib/gcc/x86_64-linux-gnu/6/../../../../lib/:/lib/x86_64-linux-gnu/:/lib/../lib/:/usr/lib/x86_64-linux-gnu/:/usr/lib/../lib/:/usr/lib/gcc/x86_64-linux-gnu/6/../../../:/lib/:/usr/lib/
COLLECT_GCC_OPTIONS='-v' '-o' 'cmTC_510ae' '-mtune=generic' '-march=x86-64'
 /usr/lib/gcc/x86_64-linux-gnu/6/collect2 -plugin /usr/lib/gcc/x86_64-linux-gnu/6/liblto_plugin.so -plugin-opt=/usr/lib/gcc/x86_64-linux-gnu/6/lto-wrapper -plugin-opt=-fresolution=/tmp/ccIQqfqO.res -plugin-opt=-pass-through=-lgcc -plugin-opt=-pass-through=-lgcc_s -plugin-opt=-pass-through=-lc -plugin-opt=-pass-through=-lgcc -plugin-opt=-pass-through=-lgcc_s --sysroot=/ --build-id --eh-frame-hdr -m elf_x86_64 --hash-style=gnu --as-needed -dynamic-linker /lib64/ld-linux-x86-64.so.2 -z relro -o cmTC_510ae /usr/lib/gcc/x86_64-linux-gnu/6/../../../x86_64-linux-gnu/crt1.o /usr/lib/gcc/x86_64-linux-gnu/6/../../../x86_64-linux-gnu/crti.o /usr/lib/gcc/x86_64-linux-gnu/6/crtbegin.o -L/usr/lib/gcc/x86_64-linux-gnu/6 -L/usr/lib/gcc/x86_64-linux-gnu/6/../../../x86_64-linux-gnu -L/usr/lib/gcc/x86_64-linux-gnu/6/../../../../lib -L/lib/x86_64-linux-gnu -L/lib/../lib -L/usr/lib/x86_64-linux-gnu -L/usr/lib/../lib -L/usr/lib/gcc/x86_64-linux-gnu/6/../../.. CMakeFiles/cmTC_510ae.dir/CMakeCCompilerABI.c.o -lgcc --push-state --as-needed -lgcc_s --pop-state -lc -lgcc --push-state --as-needed -lgcc_s --pop-state /usr/lib/gcc/x86_64-linux-gnu/6/crtend.o /usr/lib/gcc/x86_64-linux-gnu/6/../../../x86_64-linux-gnu/crtn.o
COLLECT_GCC_OPTIONS='-v' '-o' 'cmTC_510ae' '-mtune=generic' '-march=x86-64'
make[1]: Leaving directory '/home/yyoo/src/pytorch/build/CMakeFiles/CMakeTmp'


Parsed C implicit link information from above output:
  link line regex: [^( *|.*[/\])(ld|([^/\]+-)?ld|collect2)[^/\]*( |$)]
  ignore line: [Change Dir: /home/yyoo/src/pytorch/build/CMakeFiles/CMakeTmp]
  ignore line: []
  ignore line: [Run Build Command:"/usr/bin/make" "cmTC_510ae/fast"]
  ignore line: [/usr/bin/make -f CMakeFiles/cmTC_510ae.dir/build.make CMakeFiles/cmTC_510ae.dir/build]
  ignore line: [make[1]: Entering directory '/home/yyoo/src/pytorch/build/CMakeFiles/CMakeTmp']
  ignore line: [Building C object CMakeFiles/cmTC_510ae.dir/CMakeCCompilerABI.c.o]
  ignore line: [/usr/bin/cc     -o CMakeFiles/cmTC_510ae.dir/CMakeCCompilerABI.c.o   -c /usr/share/cmake-3.5/Modules/CMakeCCompilerABI.c]
  ignore line: [Linking C executable cmTC_510ae]
  ignore line: [/usr/bin/cmake -E cmake_link_script CMakeFiles/cmTC_510ae.dir/link.txt --verbose=1]
  ignore line: [/usr/bin/cc       -v CMakeFiles/cmTC_510ae.dir/CMakeCCompilerABI.c.o  -o cmTC_510ae  ]
  ignore line: [Using built-in specs.]
  ignore line: [COLLECT_GCC=/usr/bin/cc]
  ignore line: [COLLECT_LTO_WRAPPER=/usr/lib/gcc/x86_64-linux-gnu/6/lto-wrapper]
  ignore line: [Target: x86_64-linux-gnu]
  ignore line: [Configured with: ../src/configure -v --with-pkgversion='Ubuntu 6.5.0-2ubuntu1~16.04' --with-bugurl=file:///usr/share/doc/gcc-6/README.Bugs --enable-languages=c,ada,c++,java,go,d,fortran,objc,obj-c++ --prefix=/usr --with-as=/usr/bin/x86_64-linux-gnu-as --with-ld=/usr/bin/x86_64-linux-gnu-ld --program-suffix=-6 --program-prefix=x86_64-linux-gnu- --enable-shared --enable-linker-build-id --libexecdir=/usr/lib --without-included-gettext --enable-threads=posix --libdir=/usr/lib --enable-nls --with-sysroot=/ --enable-clocale=gnu --enable-libstdcxx-debug --enable-libstdcxx-time=yes --with-default-libstdcxx-abi=new --enable-gnu-unique-object --disable-vtable-verify --enable-libmpx --enable-plugin --with-system-zlib --disable-browser-plugin --enable-java-awt=gtk --enable-gtk-cairo --with-java-home=/usr/lib/jvm/java-1.5.0-gcj-6-amd64/jre --enable-java-home --with-jvm-root-dir=/usr/lib/jvm/java-1.5.0-gcj-6-amd64 --with-jvm-jar-dir=/usr/lib/jvm-exports/java-1.5.0-gcj-6-amd64 --with-arch-directory=amd64 --with-ecj-jar=/usr/share/java/eclipse-ecj.jar --with-target-system-zlib --enable-objc-gc=auto --enable-multiarch --disable-werror --with-arch-32=i686 --with-abi=m64 --with-multilib-list=m32,m64,mx32 --enable-multilib --with-tune=generic --enable-checking=release --build=x86_64-linux-gnu --host=x86_64-linux-gnu --target=x86_64-linux-gnu]
  ignore line: [Thread model: posix]
  ignore line: [gcc version 6.5.0 20181026 (Ubuntu 6.5.0-2ubuntu1~16.04) ]
  ignore line: [COMPILER_PATH=/usr/lib/gcc/x86_64-linux-gnu/6/:/usr/lib/gcc/x86_64-linux-gnu/6/:/usr/lib/gcc/x86_64-linux-gnu/:/usr/lib/gcc/x86_64-linux-gnu/6/:/usr/lib/gcc/x86_64-linux-gnu/]
  ignore line: [LIBRARY_PATH=/usr/lib/gcc/x86_64-linux-gnu/6/:/usr/lib/gcc/x86_64-linux-gnu/6/../../../x86_64-linux-gnu/:/usr/lib/gcc/x86_64-linux-gnu/6/../../../../lib/:/lib/x86_64-linux-gnu/:/lib/../lib/:/usr/lib/x86_64-linux-gnu/:/usr/lib/../lib/:/usr/lib/gcc/x86_64-linux-gnu/6/../../../:/lib/:/usr/lib/]
  ignore line: [COLLECT_GCC_OPTIONS='-v' '-o' 'cmTC_510ae' '-mtune=generic' '-march=x86-64']
  link line: [ /usr/lib/gcc/x86_64-linux-gnu/6/collect2 -plugin /usr/lib/gcc/x86_64-linux-gnu/6/liblto_plugin.so -plugin-opt=/usr/lib/gcc/x86_64-linux-gnu/6/lto-wrapper -plugin-opt=-fresolution=/tmp/ccIQqfqO.res -plugin-opt=-pass-through=-lgcc -plugin-opt=-pass-through=-lgcc_s -plugin-opt=-pass-through=-lc -plugin-opt=-pass-through=-lgcc -plugin-opt=-pass-through=-lgcc_s --sysroot=/ --build-id --eh-frame-hdr -m elf_x86_64 --hash-style=gnu --as-needed -dynamic-linker /lib64/ld-linux-x86-64.so.2 -z relro -o cmTC_510ae /usr/lib/gcc/x86_64-linux-gnu/6/../../../x86_64-linux-gnu/crt1.o /usr/lib/gcc/x86_64-linux-gnu/6/../../../x86_64-linux-gnu/crti.o /usr/lib/gcc/x86_64-linux-gnu/6/crtbegin.o -L/usr/lib/gcc/x86_64-linux-gnu/6 -L/usr/lib/gcc/x86_64-linux-gnu/6/../../../x86_64-linux-gnu -L/usr/lib/gcc/x86_64-linux-gnu/6/../../../../lib -L/lib/x86_64-linux-gnu -L/lib/../lib -L/usr/lib/x86_64-linux-gnu -L/usr/lib/../lib -L/usr/lib/gcc/x86_64-linux-gnu/6/../../.. CMakeFiles/cmTC_510ae.dir/CMakeCCompilerABI.c.o -lgcc --push-state --as-needed -lgcc_s --pop-state -lc -lgcc --push-state --as-needed -lgcc_s --pop-state /usr/lib/gcc/x86_64-linux-gnu/6/crtend.o /usr/lib/gcc/x86_64-linux-gnu/6/../../../x86_64-linux-gnu/crtn.o]
    arg [/usr/lib/gcc/x86_64-linux-gnu/6/collect2] ==> ignore
    arg [-plugin] ==> ignore
    arg [/usr/lib/gcc/x86_64-linux-gnu/6/liblto_plugin.so] ==> ignore
    arg [-plugin-opt=/usr/lib/gcc/x86_64-linux-gnu/6/lto-wrapper] ==> ignore
    arg [-plugin-opt=-fresolution=/tmp/ccIQqfqO.res] ==> ignore
    arg [-plugin-opt=-pass-through=-lgcc] ==> ignore
    arg [-plugin-opt=-pass-through=-lgcc_s] ==> ignore
    arg [-plugin-opt=-pass-through=-lc] ==> ignore
    arg [-plugin-opt=-pass-through=-lgcc] ==> ignore
    arg [-plugin-opt=-pass-through=-lgcc_s] ==> ignore
    arg [--sysroot=/] ==> ignore
    arg [--build-id] ==> ignore
    arg [--eh-frame-hdr] ==> ignore
    arg [-m] ==> ignore
    arg [elf_x86_64] ==> ignore
    arg [--hash-style=gnu] ==> ignore
    arg [--as-needed] ==> ignore
    arg [-dynamic-linker] ==> ignore
    arg [/lib64/ld-linux-x86-64.so.2] ==> ignore
    arg [-zrelro] ==> ignore
    arg [-o] ==> ignore
    arg [cmTC_510ae] ==> ignore
    arg [/usr/lib/gcc/x86_64-linux-gnu/6/../../../x86_64-linux-gnu/crt1.o] ==> ignore
    arg [/usr/lib/gcc/x86_64-linux-gnu/6/../../../x86_64-linux-gnu/crti.o] ==> ignore
    arg [/usr/lib/gcc/x86_64-linux-gnu/6/crtbegin.o] ==> ignore
    arg [-L/usr/lib/gcc/x86_64-linux-gnu/6] ==> dir [/usr/lib/gcc/x86_64-linux-gnu/6]
    arg [-L/usr/lib/gcc/x86_64-linux-gnu/6/../../../x86_64-linux-gnu] ==> dir [/usr/lib/gcc/x86_64-linux-gnu/6/../../../x86_64-linux-gnu]
    arg [-L/usr/lib/gcc/x86_64-linux-gnu/6/../../../../lib] ==> dir [/usr/lib/gcc/x86_64-linux-gnu/6/../../../../lib]
    arg [-L/lib/x86_64-linux-gnu] ==> dir [/lib/x86_64-linux-gnu]
    arg [-L/lib/../lib] ==> dir [/lib/../lib]
    arg [-L/usr/lib/x86_64-linux-gnu] ==> dir [/usr/lib/x86_64-linux-gnu]
    arg [-L/usr/lib/../lib] ==> dir [/usr/lib/../lib]
    arg [-L/usr/lib/gcc/x86_64-linux-gnu/6/../../..] ==> dir [/usr/lib/gcc/x86_64-linux-gnu/6/../../..]
    arg [CMakeFiles/cmTC_510ae.dir/CMakeCCompilerABI.c.o] ==> ignore
    arg [-lgcc] ==> lib [gcc]
    arg [--push-state] ==> ignore
    arg [--as-needed] ==> ignore
    arg [-lgcc_s] ==> lib [gcc_s]
    arg [--pop-state] ==> ignore
    arg [-lc] ==> lib [c]
    arg [-lgcc] ==> lib [gcc]
    arg [--push-state] ==> ignore
    arg [--as-needed] ==> ignore
    arg [-lgcc_s] ==> lib [gcc_s]
    arg [--pop-state] ==> ignore
    arg [/usr/lib/gcc/x86_64-linux-gnu/6/crtend.o] ==> ignore
    arg [/usr/lib/gcc/x86_64-linux-gnu/6/../../../x86_64-linux-gnu/crtn.o] ==> ignore
  remove lib [gcc]
  remove lib [gcc_s]
  remove lib [gcc]
  remove lib [gcc_s]
  collapse library dir [/usr/lib/gcc/x86_64-linux-gnu/6] ==> [/usr/lib/gcc/x86_64-linux-gnu/6]
  collapse library dir [/usr/lib/gcc/x86_64-linux-gnu/6/../../../x86_64-linux-gnu] ==> [/usr/lib/x86_64-linux-gnu]
  collapse library dir [/usr/lib/gcc/x86_64-linux-gnu/6/../../../../lib] ==> [/usr/lib]
  collapse library dir [/lib/x86_64-linux-gnu] ==> [/lib/x86_64-linux-gnu]
  collapse library dir [/lib/../lib] ==> [/lib]
  collapse library dir [/usr/lib/x86_64-linux-gnu] ==> [/usr/lib/x86_64-linux-gnu]
  collapse library dir [/usr/lib/../lib] ==> [/usr/lib]
  collapse library dir [/usr/lib/gcc/x86_64-linux-gnu/6/../../..] ==> [/usr/lib]
  implicit libs: [c]
  implicit dirs: [/usr/lib/gcc/x86_64-linux-gnu/6;/usr/lib/x86_64-linux-gnu;/usr/lib;/lib/x86_64-linux-gnu;/lib]
  implicit fwks: []




Detecting C [-std=c11] compiler features compiled with the following output:
Change Dir: /home/yyoo/src/pytorch/build/CMakeFiles/CMakeTmp

Run Build Command:"/usr/bin/make" "cmTC_ace77/fast"
/usr/bin/make -f CMakeFiles/cmTC_ace77.dir/build.make CMakeFiles/cmTC_ace77.dir/build
make[1]: Entering directory '/home/yyoo/src/pytorch/build/CMakeFiles/CMakeTmp'
Building C object CMakeFiles/cmTC_ace77.dir/feature_tests.c.o
/usr/bin/cc    -std=c11 -o CMakeFiles/cmTC_ace77.dir/feature_tests.c.o   -c /home/yyoo/src/pytorch/build/CMakeFiles/feature_tests.c
Linking C executable cmTC_ace77
/usr/bin/cmake -E cmake_link_script CMakeFiles/cmTC_ace77.dir/link.txt --verbose=1
/usr/bin/cc        CMakeFiles/cmTC_ace77.dir/feature_tests.c.o  -o cmTC_ace77 
make[1]: Leaving directory '/home/yyoo/src/pytorch/build/CMakeFiles/CMakeTmp'


    Feature record: C_FEATURE:1c_function_prototypes
    Feature record: C_FEATURE:1c_restrict
    Feature record: C_FEATURE:1c_static_assert
    Feature record: C_FEATURE:1c_variadic_macros


Detecting C [-std=c99] compiler features compiled with the following output:
Change Dir: /home/yyoo/src/pytorch/build/CMakeFiles/CMakeTmp

Run Build Command:"/usr/bin/make" "cmTC_9a9dc/fast"
/usr/bin/make -f CMakeFiles/cmTC_9a9dc.dir/build.make CMakeFiles/cmTC_9a9dc.dir/build
make[1]: Entering directory '/home/yyoo/src/pytorch/build/CMakeFiles/CMakeTmp'
Building C object CMakeFiles/cmTC_9a9dc.dir/feature_tests.c.o
/usr/bin/cc    -std=c99 -o CMakeFiles/cmTC_9a9dc.dir/feature_tests.c.o   -c /home/yyoo/src/pytorch/build/CMakeFiles/feature_tests.c
Linking C executable cmTC_9a9dc
/usr/bin/cmake -E cmake_link_script CMakeFiles/cmTC_9a9dc.dir/link.txt --verbose=1
/usr/bin/cc        CMakeFiles/cmTC_9a9dc.dir/feature_tests.c.o  -o cmTC_9a9dc 
make[1]: Leaving directory '/home/yyoo/src/pytorch/build/CMakeFiles/CMakeTmp'


    Feature record: C_FEATURE:1c_function_prototypes
    Feature record: C_FEATURE:1c_restrict
    Feature record: C_FEATURE:0c_static_assert
    Feature record: C_FEATURE:1c_variadic_macros


Detecting C [-std=c90] compiler features compiled with the following output:
Change Dir: /home/yyoo/src/pytorch/build/CMakeFiles/CMakeTmp

Run Build Command:"/usr/bin/make" "cmTC_a1f47/fast"
/usr/bin/make -f CMakeFiles/cmTC_a1f47.dir/build.make CMakeFiles/cmTC_a1f47.dir/build
make[1]: Entering directory '/home/yyoo/src/pytorch/build/CMakeFiles/CMakeTmp'
Building C object CMakeFiles/cmTC_a1f47.dir/feature_tests.c.o
/usr/bin/cc    -std=c90 -o CMakeFiles/cmTC_a1f47.dir/feature_tests.c.o   -c /home/yyoo/src/pytorch/build/CMakeFiles/feature_tests.c
Linking C executable cmTC_a1f47
/usr/bin/cmake -E cmake_link_script CMakeFiles/cmTC_a1f47.dir/link.txt --verbose=1
/usr/bin/cc        CMakeFiles/cmTC_a1f47.dir/feature_tests.c.o  -o cmTC_a1f47 
make[1]: Leaving directory '/home/yyoo/src/pytorch/build/CMakeFiles/CMakeTmp'


    Feature record: C_FEATURE:1c_function_prototypes
    Feature record: C_FEATURE:0c_restrict
    Feature record: C_FEATURE:0c_static_assert
    Feature record: C_FEATURE:0c_variadic_macros
Performing C SOURCE FILE Test COMPILER_WORKS succeeded with the following output:
Change Dir: /home/yyoo/src/pytorch/build/CMakeFiles/CMakeTmp

Run Build Command:"/usr/bin/make" "cmTC_f98cf/fast"
/usr/bin/make -f CMakeFiles/cmTC_f98cf.dir/build.make CMakeFiles/cmTC_f98cf.dir/build
make[1]: Entering directory '/home/yyoo/src/pytorch/build/CMakeFiles/CMakeTmp'
Building C object CMakeFiles/cmTC_f98cf.dir/src.c.o
/usr/bin/cc    -DCOMPILER_WORKS   -o CMakeFiles/cmTC_f98cf.dir/src.c.o   -c /home/yyoo/src/pytorch/build/CMakeFiles/CMakeTmp/src.c
Linking C executable cmTC_f98cf
/usr/bin/cmake -E cmake_link_script CMakeFiles/cmTC_f98cf.dir/link.txt --verbose=1
/usr/bin/cc    -DCOMPILER_WORKS    CMakeFiles/cmTC_f98cf.dir/src.c.o  -o cmTC_f98cf 
make[1]: Leaving directory '/home/yyoo/src/pytorch/build/CMakeFiles/CMakeTmp'

Return value: 1
Source file was:

  int main() { return 0; }
  
Performing C++ SOURCE FILE Test SUPPORT_GLIBCXX_USE_C99 succeeded with the following output:
Change Dir: /home/yyoo/src/pytorch/build/CMakeFiles/CMakeTmp

Run Build Command:"/usr/bin/make" "cmTC_82a58/fast"
/usr/bin/make -f CMakeFiles/cmTC_82a58.dir/build.make CMakeFiles/cmTC_82a58.dir/build
make[1]: Entering directory '/home/yyoo/src/pytorch/build/CMakeFiles/CMakeTmp'
Building CXX object CMakeFiles/cmTC_82a58.dir/src.cxx.o
/usr/bin/c++     -DSUPPORT_GLIBCXX_USE_C99 -std=c++11   -o CMakeFiles/cmTC_82a58.dir/src.cxx.o -c /home/yyoo/src/pytorch/build/CMakeFiles/CMakeTmp/src.cxx
Linking CXX executable cmTC_82a58
/usr/bin/cmake -E cmake_link_script CMakeFiles/cmTC_82a58.dir/link.txt --verbose=1
/usr/bin/c++     -DSUPPORT_GLIBCXX_USE_C99 -std=c++11    CMakeFiles/cmTC_82a58.dir/src.cxx.o  -o cmTC_82a58 
make[1]: Leaving directory '/home/yyoo/src/pytorch/build/CMakeFiles/CMakeTmp'

Source file was:

  #include <cmath>
  #include <string>

  int main() {
    int a = std::isinf(3.0);
    int b = std::isnan(0.0);
    std::string s = std::to_string(1);

    return 0;
    }
Performing C++ SOURCE FILE Test CAFFE2_EXCEPTION_PTR_SUPPORTED succeeded with the following output:
Change Dir: /home/yyoo/src/pytorch/build/CMakeFiles/CMakeTmp

Run Build Command:"/usr/bin/make" "cmTC_14bb7/fast"
/usr/bin/make -f CMakeFiles/cmTC_14bb7.dir/build.make CMakeFiles/cmTC_14bb7.dir/build
make[1]: Entering directory '/home/yyoo/src/pytorch/build/CMakeFiles/CMakeTmp'
Building CXX object CMakeFiles/cmTC_14bb7.dir/src.cxx.o
/usr/bin/c++     -DCAFFE2_EXCEPTION_PTR_SUPPORTED -std=c++11   -o CMakeFiles/cmTC_14bb7.dir/src.cxx.o -c /home/yyoo/src/pytorch/build/CMakeFiles/CMakeTmp/src.cxx
Linking CXX executable cmTC_14bb7
/usr/bin/cmake -E cmake_link_script CMakeFiles/cmTC_14bb7.dir/link.txt --verbose=1
/usr/bin/c++     -DCAFFE2_EXCEPTION_PTR_SUPPORTED -std=c++11    CMakeFiles/cmTC_14bb7.dir/src.cxx.o  -o cmTC_14bb7 
make[1]: Leaving directory '/home/yyoo/src/pytorch/build/CMakeFiles/CMakeTmp'

Source file was:
#include <string>
    #include <exception>
    int main(int argc, char** argv) {
      std::exception_ptr eptr;
      try {
          std::string().at(1);
      } catch(...) {
          eptr = std::current_exception();
      }
    }
Performing C++ SOURCE FILE Test CAFFE2_IS_NUMA_AVAILABLE succeeded with the following output:
Change Dir: /home/yyoo/src/pytorch/build/CMakeFiles/CMakeTmp

Run Build Command:"/usr/bin/make" "cmTC_f832b/fast"
/usr/bin/make -f CMakeFiles/cmTC_f832b.dir/build.make CMakeFiles/cmTC_f832b.dir/build
make[1]: Entering directory '/home/yyoo/src/pytorch/build/CMakeFiles/CMakeTmp'
Building CXX object CMakeFiles/cmTC_f832b.dir/src.cxx.o
/usr/bin/c++     -DCAFFE2_IS_NUMA_AVAILABLE -std=c++11   -o CMakeFiles/cmTC_f832b.dir/src.cxx.o -c /home/yyoo/src/pytorch/build/CMakeFiles/CMakeTmp/src.cxx
Linking CXX executable cmTC_f832b
/usr/bin/cmake -E cmake_link_script CMakeFiles/cmTC_f832b.dir/link.txt --verbose=1
/usr/bin/c++     -DCAFFE2_IS_NUMA_AVAILABLE -std=c++11    CMakeFiles/cmTC_f832b.dir/src.cxx.o  -o cmTC_f832b 
make[1]: Leaving directory '/home/yyoo/src/pytorch/build/CMakeFiles/CMakeTmp'

Source file was:
#include <numa.h>
    #include <numaif.h>

    int main(int argc, char** argv) {
    }
Performing C++ SOURCE FILE Test CAFFE2_NEED_TO_TURN_OFF_DEPRECATION_WARNING succeeded with the following output:
Change Dir: /home/yyoo/src/pytorch/build/CMakeFiles/CMakeTmp

Run Build Command:"/usr/bin/make" "cmTC_4e24d/fast"
/usr/bin/make -f CMakeFiles/cmTC_4e24d.dir/build.make CMakeFiles/cmTC_4e24d.dir/build
make[1]: Entering directory '/home/yyoo/src/pytorch/build/CMakeFiles/CMakeTmp'
Building CXX object CMakeFiles/cmTC_4e24d.dir/src.cxx.o
/usr/bin/c++     -DCAFFE2_NEED_TO_TURN_OFF_DEPRECATION_WARNING -std=c++11   -o CMakeFiles/cmTC_4e24d.dir/src.cxx.o -c /home/yyoo/src/pytorch/build/CMakeFiles/CMakeTmp/src.cxx
Linking CXX executable cmTC_4e24d
/usr/bin/cmake -E cmake_link_script CMakeFiles/cmTC_4e24d.dir/link.txt --verbose=1
/usr/bin/c++     -DCAFFE2_NEED_TO_TURN_OFF_DEPRECATION_WARNING -std=c++11    CMakeFiles/cmTC_4e24d.dir/src.cxx.o  -o cmTC_4e24d 
make[1]: Leaving directory '/home/yyoo/src/pytorch/build/CMakeFiles/CMakeTmp'

Source file was:
#include <glog/stl_logging.h>
    int main(int argc, char** argv) {
      return 0;
    }
Performing C++ SOURCE FILE Test CAFFE2_COMPILER_SUPPORTS_AVX2_EXTENSIONS succeeded with the following output:
Change Dir: /home/yyoo/src/pytorch/build/CMakeFiles/CMakeTmp

Run Build Command:"/usr/bin/make" "cmTC_518c4/fast"
/usr/bin/make -f CMakeFiles/cmTC_518c4.dir/build.make CMakeFiles/cmTC_518c4.dir/build
make[1]: Entering directory '/home/yyoo/src/pytorch/build/CMakeFiles/CMakeTmp'
Building CXX object CMakeFiles/cmTC_518c4.dir/src.cxx.o
/usr/bin/c++     -DCAFFE2_COMPILER_SUPPORTS_AVX2_EXTENSIONS -mavx2   -o CMakeFiles/cmTC_518c4.dir/src.cxx.o -c /home/yyoo/src/pytorch/build/CMakeFiles/CMakeTmp/src.cxx
Linking CXX executable cmTC_518c4
/usr/bin/cmake -E cmake_link_script CMakeFiles/cmTC_518c4.dir/link.txt --verbose=1
/usr/bin/c++     -DCAFFE2_COMPILER_SUPPORTS_AVX2_EXTENSIONS -mavx2    CMakeFiles/cmTC_518c4.dir/src.cxx.o  -o cmTC_518c4 
make[1]: Leaving directory '/home/yyoo/src/pytorch/build/CMakeFiles/CMakeTmp'

Source file was:
#include <immintrin.h>
     int main() {
       __m256i a, b;
       a = _mm256_set1_epi8 (1);
       b = a;
       _mm256_add_epi8 (a,a);
       return 0;
     }
Performing C++ SOURCE FILE Test CAFFE2_COMPILER_SUPPORTS_AVX512_EXTENSIONS succeeded with the following output:
Change Dir: /home/yyoo/src/pytorch/build/CMakeFiles/CMakeTmp

Run Build Command:"/usr/bin/make" "cmTC_2c808/fast"
/usr/bin/make -f CMakeFiles/cmTC_2c808.dir/build.make CMakeFiles/cmTC_2c808.dir/build
make[1]: Entering directory '/home/yyoo/src/pytorch/build/CMakeFiles/CMakeTmp'
Building CXX object CMakeFiles/cmTC_2c808.dir/src.cxx.o
/usr/bin/c++     -DCAFFE2_COMPILER_SUPPORTS_AVX512_EXTENSIONS -mavx512f -mavx512dq -mavx512vl   -o CMakeFiles/cmTC_2c808.dir/src.cxx.o -c /home/yyoo/src/pytorch/build/CMakeFiles/CMakeTmp/src.cxx
Linking CXX executable cmTC_2c808
/usr/bin/cmake -E cmake_link_script CMakeFiles/cmTC_2c808.dir/link.txt --verbose=1
/usr/bin/c++     -DCAFFE2_COMPILER_SUPPORTS_AVX512_EXTENSIONS -mavx512f -mavx512dq -mavx512vl    CMakeFiles/cmTC_2c808.dir/src.cxx.o  -o cmTC_2c808 
make[1]: Leaving directory '/home/yyoo/src/pytorch/build/CMakeFiles/CMakeTmp'

Source file was:
#if defined(_MSC_VER)
     #include <intrin.h>
     #else
     #include <immintrin.h>
     #endif
     // check avx512f
     __m512 addConstant(__m512 arg) {
       return _mm512_add_ps(arg, _mm512_set1_ps(1.f));
     }
     // check avx512dq
     __m512 andConstant(__m512 arg) {
       return _mm512_and_ps(arg, _mm512_set1_ps(1.f));
     }
     int main() {
       __m512i a = _mm512_set1_epi32(1);
       __m256i ymm = _mm512_extracti64x4_epi64(a, 0);
       ymm = _mm256_abs_epi64(ymm); // check avx512vl
       __mmask16 m = _mm512_cmp_epi32_mask(a, a, _MM_CMPINT_EQ);
       __m512i r = _mm512_andnot_si512(a, a);
     }
Performing C++ SOURCE FILE Test COMPILER_SUPPORTS_HIDDEN_VISIBILITY succeeded with the following output:
Change Dir: /home/yyoo/src/pytorch/build/CMakeFiles/CMakeTmp

Run Build Command:"/usr/bin/make" "cmTC_bfb7b/fast"
/usr/bin/make -f CMakeFiles/cmTC_bfb7b.dir/build.make CMakeFiles/cmTC_bfb7b.dir/build
make[1]: Entering directory '/home/yyoo/src/pytorch/build/CMakeFiles/CMakeTmp'
Building CXX object CMakeFiles/cmTC_bfb7b.dir/src.cxx.o
/usr/bin/c++     -DCOMPILER_SUPPORTS_HIDDEN_VISIBILITY   -fvisibility=hidden -o CMakeFiles/cmTC_bfb7b.dir/src.cxx.o -c /home/yyoo/src/pytorch/build/CMakeFiles/CMakeTmp/src.cxx
Linking CXX executable cmTC_bfb7b
/usr/bin/cmake -E cmake_link_script CMakeFiles/cmTC_bfb7b.dir/link.txt --verbose=1
/usr/bin/c++     -DCOMPILER_SUPPORTS_HIDDEN_VISIBILITY    CMakeFiles/cmTC_bfb7b.dir/src.cxx.o  -o cmTC_bfb7b 
make[1]: Leaving directory '/home/yyoo/src/pytorch/build/CMakeFiles/CMakeTmp'

Source file was:
int main() { return 0; }
Performing C++ SOURCE FILE Test COMPILER_SUPPORTS_HIDDEN_INLINE_VISIBILITY succeeded with the following output:
Change Dir: /home/yyoo/src/pytorch/build/CMakeFiles/CMakeTmp

Run Build Command:"/usr/bin/make" "cmTC_6b96e/fast"
/usr/bin/make -f CMakeFiles/cmTC_6b96e.dir/build.make CMakeFiles/cmTC_6b96e.dir/build
make[1]: Entering directory '/home/yyoo/src/pytorch/build/CMakeFiles/CMakeTmp'
Building CXX object CMakeFiles/cmTC_6b96e.dir/src.cxx.o
/usr/bin/c++     -DCOMPILER_SUPPORTS_HIDDEN_INLINE_VISIBILITY   -fvisibility-inlines-hidden -o CMakeFiles/cmTC_6b96e.dir/src.cxx.o -c /home/yyoo/src/pytorch/build/CMakeFiles/CMakeTmp/src.cxx
Linking CXX executable cmTC_6b96e
/usr/bin/cmake -E cmake_link_script CMakeFiles/cmTC_6b96e.dir/link.txt --verbose=1
/usr/bin/c++     -DCOMPILER_SUPPORTS_HIDDEN_INLINE_VISIBILITY    CMakeFiles/cmTC_6b96e.dir/src.cxx.o  -o cmTC_6b96e 
make[1]: Leaving directory '/home/yyoo/src/pytorch/build/CMakeFiles/CMakeTmp'

Source file was:
int main() { return 0; }
Performing C++ SOURCE FILE Test COMPILER_SUPPORTS_RDYNAMIC succeeded with the following output:
Change Dir: /home/yyoo/src/pytorch/build/CMakeFiles/CMakeTmp

Run Build Command:"/usr/bin/make" "cmTC_17c19/fast"
/usr/bin/make -f CMakeFiles/cmTC_17c19.dir/build.make CMakeFiles/cmTC_17c19.dir/build
make[1]: Entering directory '/home/yyoo/src/pytorch/build/CMakeFiles/CMakeTmp'
Building CXX object CMakeFiles/cmTC_17c19.dir/src.cxx.o
/usr/bin/c++     -fvisibility-inlines-hidden -DCOMPILER_SUPPORTS_RDYNAMIC   -rdynamic -o CMakeFiles/cmTC_17c19.dir/src.cxx.o -c /home/yyoo/src/pytorch/build/CMakeFiles/CMakeTmp/src.cxx
Linking CXX executable cmTC_17c19
/usr/bin/cmake -E cmake_link_script CMakeFiles/cmTC_17c19.dir/link.txt --verbose=1
/usr/bin/c++     -fvisibility-inlines-hidden -DCOMPILER_SUPPORTS_RDYNAMIC    CMakeFiles/cmTC_17c19.dir/src.cxx.o  -o cmTC_17c19 
make[1]: Leaving directory '/home/yyoo/src/pytorch/build/CMakeFiles/CMakeTmp'

Source file was:
int main() { return 0; }
Determining if the include file pthread.h exists passed with the following output:
Change Dir: /home/yyoo/src/pytorch/build/CMakeFiles/CMakeTmp

Run Build Command:"/usr/bin/make" "cmTC_d2dd8/fast"
/usr/bin/make -f CMakeFiles/cmTC_d2dd8.dir/build.make CMakeFiles/cmTC_d2dd8.dir/build
make[1]: Entering directory '/home/yyoo/src/pytorch/build/CMakeFiles/CMakeTmp'
Building C object CMakeFiles/cmTC_d2dd8.dir/CheckIncludeFile.c.o
/usr/bin/cc    -fPIE   -o CMakeFiles/cmTC_d2dd8.dir/CheckIncludeFile.c.o   -c /home/yyoo/src/pytorch/build/CMakeFiles/CMakeTmp/CheckIncludeFile.c
Linking C executable cmTC_d2dd8
/usr/bin/cmake -E cmake_link_script CMakeFiles/cmTC_d2dd8.dir/link.txt --verbose=1
/usr/bin/cc        CMakeFiles/cmTC_d2dd8.dir/CheckIncludeFile.c.o  -o cmTC_d2dd8 -rdynamic 
make[1]: Leaving directory '/home/yyoo/src/pytorch/build/CMakeFiles/CMakeTmp'


Determining if the function pthread_create exists in the pthread passed with the following output:
Change Dir: /home/yyoo/src/pytorch/build/CMakeFiles/CMakeTmp

Run Build Command:"/usr/bin/make" "cmTC_0a69b/fast"
/usr/bin/make -f CMakeFiles/cmTC_0a69b.dir/build.make CMakeFiles/cmTC_0a69b.dir/build
make[1]: Entering directory '/home/yyoo/src/pytorch/build/CMakeFiles/CMakeTmp'
Building C object CMakeFiles/cmTC_0a69b.dir/CheckFunctionExists.c.o
/usr/bin/cc    -DCHECK_FUNCTION_EXISTS=pthread_create -fPIE   -o CMakeFiles/cmTC_0a69b.dir/CheckFunctionExists.c.o   -c /usr/share/cmake-3.5/Modules/CheckFunctionExists.c
Linking C executable cmTC_0a69b
/usr/bin/cmake -E cmake_link_script CMakeFiles/cmTC_0a69b.dir/link.txt --verbose=1
/usr/bin/cc    -DCHECK_FUNCTION_EXISTS=pthread_create    CMakeFiles/cmTC_0a69b.dir/CheckFunctionExists.c.o  -o cmTC_0a69b -rdynamic -lpthread 
make[1]: Leaving directory '/home/yyoo/src/pytorch/build/CMakeFiles/CMakeTmp'


Determining if the include file sys/types.h exists passed with the following output:
Change Dir: /home/yyoo/src/pytorch/build/CMakeFiles/CMakeTmp

Run Build Command:"/usr/bin/make" "cmTC_fc5a8/fast"
/usr/bin/make -f CMakeFiles/cmTC_fc5a8.dir/build.make CMakeFiles/cmTC_fc5a8.dir/build
make[1]: Entering directory '/home/yyoo/src/pytorch/build/CMakeFiles/CMakeTmp'
Building C object CMakeFiles/cmTC_fc5a8.dir/CheckIncludeFile.c.o
/usr/bin/cc     -o CMakeFiles/cmTC_fc5a8.dir/CheckIncludeFile.c.o   -c /home/yyoo/src/pytorch/build/CMakeFiles/CMakeTmp/CheckIncludeFile.c
Linking C executable cmTC_fc5a8
/usr/bin/cmake -E cmake_link_script CMakeFiles/cmTC_fc5a8.dir/link.txt --verbose=1
/usr/bin/cc       -rdynamic  CMakeFiles/cmTC_fc5a8.dir/CheckIncludeFile.c.o  -o cmTC_fc5a8 
make[1]: Leaving directory '/home/yyoo/src/pytorch/build/CMakeFiles/CMakeTmp'


Determining if the include file stdint.h exists passed with the following output:
Change Dir: /home/yyoo/src/pytorch/build/CMakeFiles/CMakeTmp

Run Build Command:"/usr/bin/make" "cmTC_dc8c0/fast"
/usr/bin/make -f CMakeFiles/cmTC_dc8c0.dir/build.make CMakeFiles/cmTC_dc8c0.dir/build
make[1]: Entering directory '/home/yyoo/src/pytorch/build/CMakeFiles/CMakeTmp'
Building C object CMakeFiles/cmTC_dc8c0.dir/CheckIncludeFile.c.o
/usr/bin/cc     -o CMakeFiles/cmTC_dc8c0.dir/CheckIncludeFile.c.o   -c /home/yyoo/src/pytorch/build/CMakeFiles/CMakeTmp/CheckIncludeFile.c
Linking C executable cmTC_dc8c0
/usr/bin/cmake -E cmake_link_script CMakeFiles/cmTC_dc8c0.dir/link.txt --verbose=1
/usr/bin/cc       -rdynamic  CMakeFiles/cmTC_dc8c0.dir/CheckIncludeFile.c.o  -o cmTC_dc8c0 
make[1]: Leaving directory '/home/yyoo/src/pytorch/build/CMakeFiles/CMakeTmp'


Determining if the include file stddef.h exists passed with the following output:
Change Dir: /home/yyoo/src/pytorch/build/CMakeFiles/CMakeTmp

Run Build Command:"/usr/bin/make" "cmTC_eae5c/fast"
/usr/bin/make -f CMakeFiles/cmTC_eae5c.dir/build.make CMakeFiles/cmTC_eae5c.dir/build
make[1]: Entering directory '/home/yyoo/src/pytorch/build/CMakeFiles/CMakeTmp'
Building C object CMakeFiles/cmTC_eae5c.dir/CheckIncludeFile.c.o
/usr/bin/cc     -o CMakeFiles/cmTC_eae5c.dir/CheckIncludeFile.c.o   -c /home/yyoo/src/pytorch/build/CMakeFiles/CMakeTmp/CheckIncludeFile.c
Linking C executable cmTC_eae5c
/usr/bin/cmake -E cmake_link_script CMakeFiles/cmTC_eae5c.dir/link.txt --verbose=1
/usr/bin/cc       -rdynamic  CMakeFiles/cmTC_eae5c.dir/CheckIncludeFile.c.o  -o cmTC_eae5c 
make[1]: Leaving directory '/home/yyoo/src/pytorch/build/CMakeFiles/CMakeTmp'


Determining size of void* passed with the following output:
Change Dir: /home/yyoo/src/pytorch/build/CMakeFiles/CMakeTmp

Run Build Command:"/usr/bin/make" "cmTC_f2978/fast"
/usr/bin/make -f CMakeFiles/cmTC_f2978.dir/build.make CMakeFiles/cmTC_f2978.dir/build
make[1]: Entering directory '/home/yyoo/src/pytorch/build/CMakeFiles/CMakeTmp'
Building C object CMakeFiles/cmTC_f2978.dir/SIZE_OF_VOIDP.c.o
/usr/bin/cc     -o CMakeFiles/cmTC_f2978.dir/SIZE_OF_VOIDP.c.o   -c /home/yyoo/src/pytorch/build/CMakeFiles/CheckTypeSize/SIZE_OF_VOIDP.c
Linking C executable cmTC_f2978
/usr/bin/cmake -E cmake_link_script CMakeFiles/cmTC_f2978.dir/link.txt --verbose=1
/usr/bin/cc       -rdynamic  CMakeFiles/cmTC_f2978.dir/SIZE_OF_VOIDP.c.o  -o cmTC_f2978 
make[1]: Leaving directory '/home/yyoo/src/pytorch/build/CMakeFiles/CMakeTmp'


Determining if the function sgemm_ exists passed with the following output:
Change Dir: /home/yyoo/src/pytorch/build/CMakeFiles/CMakeTmp

Run Build Command:"/usr/bin/make" "cmTC_45325/fast"
/usr/bin/make -f CMakeFiles/cmTC_45325.dir/build.make CMakeFiles/cmTC_45325.dir/build
make[1]: Entering directory '/home/yyoo/src/pytorch/build/CMakeFiles/CMakeTmp'
Building C object CMakeFiles/cmTC_45325.dir/CheckFunctionExists.c.o
/usr/bin/cc    -DCHECK_FUNCTION_EXISTS=sgemm_   -o CMakeFiles/cmTC_45325.dir/CheckFunctionExists.c.o   -c /usr/share/cmake-3.5/Modules/CheckFunctionExists.c
Linking C executable cmTC_45325
/usr/bin/cmake -E cmake_link_script CMakeFiles/cmTC_45325.dir/link.txt --verbose=1
/usr/bin/cc    -DCHECK_FUNCTION_EXISTS=sgemm_   -rdynamic  CMakeFiles/cmTC_45325.dir/CheckFunctionExists.c.o  -o cmTC_45325 /usr/lib/libblas.so 
make[1]: Leaving directory '/home/yyoo/src/pytorch/build/CMakeFiles/CMakeTmp'


Performing C SOURCE FILE Test BLAS_F2C_FLOAT_WORKS succeeded with the following output:
Change Dir: /home/yyoo/src/pytorch/build/CMakeFiles/CMakeTmp

Run Build Command:"/usr/bin/make" "cmTC_3465f/fast"
/usr/bin/make -f CMakeFiles/cmTC_3465f.dir/build.make CMakeFiles/cmTC_3465f.dir/build
make[1]: Entering directory '/home/yyoo/src/pytorch/build/CMakeFiles/CMakeTmp'
Building C object CMakeFiles/cmTC_3465f.dir/src.c.o
/usr/bin/cc    -DBLAS_F2C_FLOAT_WORKS   -o CMakeFiles/cmTC_3465f.dir/src.c.o   -c /home/yyoo/src/pytorch/build/CMakeFiles/CMakeTmp/src.c
Linking C executable cmTC_3465f
/usr/bin/cmake -E cmake_link_script CMakeFiles/cmTC_3465f.dir/link.txt --verbose=1
/usr/bin/cc    -DBLAS_F2C_FLOAT_WORKS   -rdynamic  CMakeFiles/cmTC_3465f.dir/src.c.o  -o cmTC_3465f /usr/lib/libblas.so 
make[1]: Leaving directory '/home/yyoo/src/pytorch/build/CMakeFiles/CMakeTmp'

Return value: 1
Source file was:

#include <stdlib.h>
#include <stdio.h>
float x[4] = { 1, 2, 3, 4 };
float y[4] = { .1, .01, .001, .0001 };
int four = 4;
int one = 1;
extern float sdot_();
int main() {
  int i;
  double r = sdot_(&four, x, &one, y, &one);
  exit((float)r != (float).1234);
}
Performing C SOURCE FILE Test BLAS_USE_CBLAS_DOT succeeded with the following output:
Change Dir: /home/yyoo/src/pytorch/build/CMakeFiles/CMakeTmp

Run Build Command:"/usr/bin/make" "cmTC_4d2a4/fast"
/usr/bin/make -f CMakeFiles/cmTC_4d2a4.dir/build.make CMakeFiles/cmTC_4d2a4.dir/build
make[1]: Entering directory '/home/yyoo/src/pytorch/build/CMakeFiles/CMakeTmp'
Building C object CMakeFiles/cmTC_4d2a4.dir/src.c.o
/usr/bin/cc    -DBLAS_USE_CBLAS_DOT   -o CMakeFiles/cmTC_4d2a4.dir/src.c.o   -c /home/yyoo/src/pytorch/build/CMakeFiles/CMakeTmp/src.c
Linking C executable cmTC_4d2a4
/usr/bin/cmake -E cmake_link_script CMakeFiles/cmTC_4d2a4.dir/link.txt --verbose=1
/usr/bin/cc    -DBLAS_USE_CBLAS_DOT   -rdynamic  CMakeFiles/cmTC_4d2a4.dir/src.c.o  -o cmTC_4d2a4 /usr/lib/libblas.so 
make[1]: Leaving directory '/home/yyoo/src/pytorch/build/CMakeFiles/CMakeTmp'

Return value: 1
Source file was:

#include <stdlib.h>
#include <stdio.h>
float x[4] = { 1, 2, 3, 4 };
float y[4] = { .1, .01, .001, .0001 };
extern float cblas_sdot();
int main() {
  int i;
  double r = cblas_sdot(4, x, 1, y, 1);
  exit((float)r != (float).1234);
}
Performing C++ SOURCE FILE Test HAVE_CXX_FLAG_STD_CXX11 succeeded with the following output:
Change Dir: /home/yyoo/src/pytorch/build/CMakeFiles/CMakeTmp

Run Build Command:"/usr/bin/make" "cmTC_b1a19/fast"
/usr/bin/make -f CMakeFiles/cmTC_b1a19.dir/build.make CMakeFiles/cmTC_b1a19.dir/build
make[1]: Entering directory '/home/yyoo/src/pytorch/build/CMakeFiles/CMakeTmp'
Building CXX object CMakeFiles/cmTC_b1a19.dir/src.cxx.o
/usr/bin/c++     -fvisibility-inlines-hidden -DHAVE_CXX_FLAG_STD_CXX11  -std=c++11   -std=c++11 -o CMakeFiles/cmTC_b1a19.dir/src.cxx.o -c /home/yyoo/src/pytorch/build/CMakeFiles/CMakeTmp/src.cxx
Linking CXX executable cmTC_b1a19
/usr/bin/cmake -E cmake_link_script CMakeFiles/cmTC_b1a19.dir/link.txt --verbose=1
/usr/bin/c++     -fvisibility-inlines-hidden -DHAVE_CXX_FLAG_STD_CXX11  -std=c++11   -rdynamic  CMakeFiles/cmTC_b1a19.dir/src.cxx.o  -o cmTC_b1a19 -rdynamic 
make[1]: Leaving directory '/home/yyoo/src/pytorch/build/CMakeFiles/CMakeTmp'

Source file was:
int main() { return 0; }
Performing C++ SOURCE FILE Test HAVE_CXX_FLAG_WALL succeeded with the following output:
Change Dir: /home/yyoo/src/pytorch/build/CMakeFiles/CMakeTmp

Run Build Command:"/usr/bin/make" "cmTC_d2071/fast"
/usr/bin/make -f CMakeFiles/cmTC_d2071.dir/build.make CMakeFiles/cmTC_d2071.dir/build
make[1]: Entering directory '/home/yyoo/src/pytorch/build/CMakeFiles/CMakeTmp'
Building CXX object CMakeFiles/cmTC_d2071.dir/src.cxx.o
/usr/bin/c++     -fvisibility-inlines-hidden  -std=c++11 -DHAVE_CXX_FLAG_WALL  -Wall   -Wall -o CMakeFiles/cmTC_d2071.dir/src.cxx.o -c /home/yyoo/src/pytorch/build/CMakeFiles/CMakeTmp/src.cxx
Linking CXX executable cmTC_d2071
/usr/bin/cmake -E cmake_link_script CMakeFiles/cmTC_d2071.dir/link.txt --verbose=1
/usr/bin/c++     -fvisibility-inlines-hidden  -std=c++11 -DHAVE_CXX_FLAG_WALL  -Wall   -rdynamic  CMakeFiles/cmTC_d2071.dir/src.cxx.o  -o cmTC_d2071 -rdynamic 
make[1]: Leaving directory '/home/yyoo/src/pytorch/build/CMakeFiles/CMakeTmp'

Source file was:
int main() { return 0; }
Performing C++ SOURCE FILE Test HAVE_CXX_FLAG_WEXTRA succeeded with the following output:
Change Dir: /home/yyoo/src/pytorch/build/CMakeFiles/CMakeTmp

Run Build Command:"/usr/bin/make" "cmTC_198a8/fast"
/usr/bin/make -f CMakeFiles/cmTC_198a8.dir/build.make CMakeFiles/cmTC_198a8.dir/build
make[1]: Entering directory '/home/yyoo/src/pytorch/build/CMakeFiles/CMakeTmp'
Building CXX object CMakeFiles/cmTC_198a8.dir/src.cxx.o
/usr/bin/c++     -fvisibility-inlines-hidden  -std=c++11  -Wall -DHAVE_CXX_FLAG_WEXTRA  -Wextra   -Wextra -o CMakeFiles/cmTC_198a8.dir/src.cxx.o -c /home/yyoo/src/pytorch/build/CMakeFiles/CMakeTmp/src.cxx
Linking CXX executable cmTC_198a8
/usr/bin/cmake -E cmake_link_script CMakeFiles/cmTC_198a8.dir/link.txt --verbose=1
/usr/bin/c++     -fvisibility-inlines-hidden  -std=c++11  -Wall -DHAVE_CXX_FLAG_WEXTRA  -Wextra   -rdynamic  CMakeFiles/cmTC_198a8.dir/src.cxx.o  -o cmTC_198a8 -rdynamic 
make[1]: Leaving directory '/home/yyoo/src/pytorch/build/CMakeFiles/CMakeTmp'

Source file was:
int main() { return 0; }
Performing C++ SOURCE FILE Test HAVE_CXX_FLAG_WSHADOW succeeded with the following output:
Change Dir: /home/yyoo/src/pytorch/build/CMakeFiles/CMakeTmp

Run Build Command:"/usr/bin/make" "cmTC_b2567/fast"
/usr/bin/make -f CMakeFiles/cmTC_b2567.dir/build.make CMakeFiles/cmTC_b2567.dir/build
make[1]: Entering directory '/home/yyoo/src/pytorch/build/CMakeFiles/CMakeTmp'
Building CXX object CMakeFiles/cmTC_b2567.dir/src.cxx.o
/usr/bin/c++     -fvisibility-inlines-hidden  -std=c++11  -Wall  -Wextra -DHAVE_CXX_FLAG_WSHADOW  -Wshadow   -Wshadow -o CMakeFiles/cmTC_b2567.dir/src.cxx.o -c /home/yyoo/src/pytorch/build/CMakeFiles/CMakeTmp/src.cxx
Linking CXX executable cmTC_b2567
/usr/bin/cmake -E cmake_link_script CMakeFiles/cmTC_b2567.dir/link.txt --verbose=1
/usr/bin/c++     -fvisibility-inlines-hidden  -std=c++11  -Wall  -Wextra -DHAVE_CXX_FLAG_WSHADOW  -Wshadow   -rdynamic  CMakeFiles/cmTC_b2567.dir/src.cxx.o  -o cmTC_b2567 -rdynamic 
make[1]: Leaving directory '/home/yyoo/src/pytorch/build/CMakeFiles/CMakeTmp'

Source file was:
int main() { return 0; }
Performing C++ SOURCE FILE Test HAVE_CXX_FLAG_WERROR succeeded with the following output:
Change Dir: /home/yyoo/src/pytorch/build/CMakeFiles/CMakeTmp

Run Build Command:"/usr/bin/make" "cmTC_fd155/fast"
/usr/bin/make -f CMakeFiles/cmTC_fd155.dir/build.make CMakeFiles/cmTC_fd155.dir/build
make[1]: Entering directory '/home/yyoo/src/pytorch/build/CMakeFiles/CMakeTmp'
Building CXX object CMakeFiles/cmTC_fd155.dir/src.cxx.o
/usr/bin/c++     -fvisibility-inlines-hidden  -std=c++11  -Wall  -Wextra  -Wshadow -DHAVE_CXX_FLAG_WERROR  -Werror   -Werror -o CMakeFiles/cmTC_fd155.dir/src.cxx.o -c /home/yyoo/src/pytorch/build/CMakeFiles/CMakeTmp/src.cxx
Linking CXX executable cmTC_fd155
/usr/bin/cmake -E cmake_link_script CMakeFiles/cmTC_fd155.dir/link.txt --verbose=1
/usr/bin/c++     -fvisibility-inlines-hidden  -std=c++11  -Wall  -Wextra  -Wshadow -DHAVE_CXX_FLAG_WERROR  -Werror   -rdynamic  CMakeFiles/cmTC_fd155.dir/src.cxx.o  -o cmTC_fd155 -rdynamic 
make[1]: Leaving directory '/home/yyoo/src/pytorch/build/CMakeFiles/CMakeTmp'

Source file was:
int main() { return 0; }
Performing C++ SOURCE FILE Test HAVE_CXX_FLAG_PEDANTIC succeeded with the following output:
Change Dir: /home/yyoo/src/pytorch/build/CMakeFiles/CMakeTmp

Run Build Command:"/usr/bin/make" "cmTC_896c3/fast"
/usr/bin/make -f CMakeFiles/cmTC_896c3.dir/build.make CMakeFiles/cmTC_896c3.dir/build
make[1]: Entering directory '/home/yyoo/src/pytorch/build/CMakeFiles/CMakeTmp'
Building CXX object CMakeFiles/cmTC_896c3.dir/src.cxx.o
/usr/bin/c++     -fvisibility-inlines-hidden  -std=c++11  -Wall  -Wextra  -Wshadow -DHAVE_CXX_FLAG_PEDANTIC  -pedantic   -pedantic -o CMakeFiles/cmTC_896c3.dir/src.cxx.o -c /home/yyoo/src/pytorch/build/CMakeFiles/CMakeTmp/src.cxx
Linking CXX executable cmTC_896c3
/usr/bin/cmake -E cmake_link_script CMakeFiles/cmTC_896c3.dir/link.txt --verbose=1
/usr/bin/c++     -fvisibility-inlines-hidden  -std=c++11  -Wall  -Wextra  -Wshadow -DHAVE_CXX_FLAG_PEDANTIC  -pedantic   -rdynamic  CMakeFiles/cmTC_896c3.dir/src.cxx.o  -o cmTC_896c3 -rdynamic 
make[1]: Leaving directory '/home/yyoo/src/pytorch/build/CMakeFiles/CMakeTmp'

Source file was:
int main() { return 0; }
Performing C++ SOURCE FILE Test HAVE_CXX_FLAG_PEDANTIC_ERRORS succeeded with the following output:
Change Dir: /home/yyoo/src/pytorch/build/CMakeFiles/CMakeTmp

Run Build Command:"/usr/bin/make" "cmTC_84864/fast"
/usr/bin/make -f CMakeFiles/cmTC_84864.dir/build.make CMakeFiles/cmTC_84864.dir/build
make[1]: Entering directory '/home/yyoo/src/pytorch/build/CMakeFiles/CMakeTmp'
Building CXX object CMakeFiles/cmTC_84864.dir/src.cxx.o
/usr/bin/c++     -fvisibility-inlines-hidden  -std=c++11  -Wall  -Wextra  -Wshadow  -pedantic -DHAVE_CXX_FLAG_PEDANTIC_ERRORS  -pedantic-errors   -pedantic-errors -o CMakeFiles/cmTC_84864.dir/src.cxx.o -c /home/yyoo/src/pytorch/build/CMakeFiles/CMakeTmp/src.cxx
Linking CXX executable cmTC_84864
/usr/bin/cmake -E cmake_link_script CMakeFiles/cmTC_84864.dir/link.txt --verbose=1
/usr/bin/c++     -fvisibility-inlines-hidden  -std=c++11  -Wall  -Wextra  -Wshadow  -pedantic -DHAVE_CXX_FLAG_PEDANTIC_ERRORS  -pedantic-errors   -rdynamic  CMakeFiles/cmTC_84864.dir/src.cxx.o  -o cmTC_84864 -rdynamic 
make[1]: Leaving directory '/home/yyoo/src/pytorch/build/CMakeFiles/CMakeTmp'

Source file was:
int main() { return 0; }
Performing C++ SOURCE FILE Test HAVE_CXX_FLAG_WFLOAT_EQUAL succeeded with the following output:
Change Dir: /home/yyoo/src/pytorch/build/CMakeFiles/CMakeTmp

Run Build Command:"/usr/bin/make" "cmTC_83ba8/fast"
/usr/bin/make -f CMakeFiles/cmTC_83ba8.dir/build.make CMakeFiles/cmTC_83ba8.dir/build
make[1]: Entering directory '/home/yyoo/src/pytorch/build/CMakeFiles/CMakeTmp'
Building CXX object CMakeFiles/cmTC_83ba8.dir/src.cxx.o
/usr/bin/c++     -fvisibility-inlines-hidden  -std=c++11  -Wall  -Wextra  -Wshadow  -pedantic  -pedantic-errors -DHAVE_CXX_FLAG_WFLOAT_EQUAL  -Wfloat-equal   -Wfloat-equal -o CMakeFiles/cmTC_83ba8.dir/src.cxx.o -c /home/yyoo/src/pytorch/build/CMakeFiles/CMakeTmp/src.cxx
Linking CXX executable cmTC_83ba8
/usr/bin/cmake -E cmake_link_script CMakeFiles/cmTC_83ba8.dir/link.txt --verbose=1
/usr/bin/c++     -fvisibility-inlines-hidden  -std=c++11  -Wall  -Wextra  -Wshadow  -pedantic  -pedantic-errors -DHAVE_CXX_FLAG_WFLOAT_EQUAL  -Wfloat-equal   -rdynamic  CMakeFiles/cmTC_83ba8.dir/src.cxx.o  -o cmTC_83ba8 -rdynamic 
make[1]: Leaving directory '/home/yyoo/src/pytorch/build/CMakeFiles/CMakeTmp'

Source file was:
int main() { return 0; }
Performing C++ SOURCE FILE Test HAVE_CXX_FLAG_FSTRICT_ALIASING succeeded with the following output:
Change Dir: /home/yyoo/src/pytorch/build/CMakeFiles/CMakeTmp

Run Build Command:"/usr/bin/make" "cmTC_8d729/fast"
/usr/bin/make -f CMakeFiles/cmTC_8d729.dir/build.make CMakeFiles/cmTC_8d729.dir/build
make[1]: Entering directory '/home/yyoo/src/pytorch/build/CMakeFiles/CMakeTmp'
Building CXX object CMakeFiles/cmTC_8d729.dir/src.cxx.o
/usr/bin/c++     -fvisibility-inlines-hidden  -std=c++11  -Wall  -Wextra  -Wshadow  -pedantic  -pedantic-errors  -Wfloat-equal -DHAVE_CXX_FLAG_FSTRICT_ALIASING  -fstrict-aliasing   -fstrict-aliasing -o CMakeFiles/cmTC_8d729.dir/src.cxx.o -c /home/yyoo/src/pytorch/build/CMakeFiles/CMakeTmp/src.cxx
Linking CXX executable cmTC_8d729
/usr/bin/cmake -E cmake_link_script CMakeFiles/cmTC_8d729.dir/link.txt --verbose=1
/usr/bin/c++     -fvisibility-inlines-hidden  -std=c++11  -Wall  -Wextra  -Wshadow  -pedantic  -pedantic-errors  -Wfloat-equal -DHAVE_CXX_FLAG_FSTRICT_ALIASING  -fstrict-aliasing   -rdynamic  CMakeFiles/cmTC_8d729.dir/src.cxx.o  -o cmTC_8d729 -rdynamic 
make[1]: Leaving directory '/home/yyoo/src/pytorch/build/CMakeFiles/CMakeTmp'

Source file was:
int main() { return 0; }
Performing C++ SOURCE FILE Test HAVE_CXX_FLAG_WNO_DEPRECATED_DECLARATIONS succeeded with the following output:
Change Dir: /home/yyoo/src/pytorch/build/CMakeFiles/CMakeTmp

Run Build Command:"/usr/bin/make" "cmTC_cf23d/fast"
/usr/bin/make -f CMakeFiles/cmTC_cf23d.dir/build.make CMakeFiles/cmTC_cf23d.dir/build
make[1]: Entering directory '/home/yyoo/src/pytorch/build/CMakeFiles/CMakeTmp'
Building CXX object CMakeFiles/cmTC_cf23d.dir/src.cxx.o
/usr/bin/c++     -fvisibility-inlines-hidden  -std=c++11  -Wall  -Wextra  -Wshadow  -pedantic  -pedantic-errors  -Wfloat-equal  -fstrict-aliasing -DHAVE_CXX_FLAG_WNO_DEPRECATED_DECLARATIONS  -Wno-deprecated-declarations   -Wno-deprecated-declarations -o CMakeFiles/cmTC_cf23d.dir/src.cxx.o -c /home/yyoo/src/pytorch/build/CMakeFiles/CMakeTmp/src.cxx
Linking CXX executable cmTC_cf23d
/usr/bin/cmake -E cmake_link_script CMakeFiles/cmTC_cf23d.dir/link.txt --verbose=1
/usr/bin/c++     -fvisibility-inlines-hidden  -std=c++11  -Wall  -Wextra  -Wshadow  -pedantic  -pedantic-errors  -Wfloat-equal  -fstrict-aliasing -DHAVE_CXX_FLAG_WNO_DEPRECATED_DECLARATIONS  -Wno-deprecated-declarations   -rdynamic  CMakeFiles/cmTC_cf23d.dir/src.cxx.o  -o cmTC_cf23d -rdynamic 
make[1]: Leaving directory '/home/yyoo/src/pytorch/build/CMakeFiles/CMakeTmp'

Source file was:
int main() { return 0; }
Performing C++ SOURCE FILE Test HAVE_CXX_FLAG_WSTRICT_ALIASING succeeded with the following output:
Change Dir: /home/yyoo/src/pytorch/build/CMakeFiles/CMakeTmp

Run Build Command:"/usr/bin/make" "cmTC_cece1/fast"
/usr/bin/make -f CMakeFiles/cmTC_cece1.dir/build.make CMakeFiles/cmTC_cece1.dir/build
make[1]: Entering directory '/home/yyoo/src/pytorch/build/CMakeFiles/CMakeTmp'
Building CXX object CMakeFiles/cmTC_cece1.dir/src.cxx.o
/usr/bin/c++     -fvisibility-inlines-hidden  -std=c++11  -Wall  -Wextra  -Wshadow  -pedantic  -pedantic-errors  -Wfloat-equal  -fstrict-aliasing  -Wno-deprecated-declarations -DHAVE_CXX_FLAG_WSTRICT_ALIASING  -Wstrict-aliasing   -Wstrict-aliasing -o CMakeFiles/cmTC_cece1.dir/src.cxx.o -c /home/yyoo/src/pytorch/build/CMakeFiles/CMakeTmp/src.cxx
Linking CXX executable cmTC_cece1
/usr/bin/cmake -E cmake_link_script CMakeFiles/cmTC_cece1.dir/link.txt --verbose=1
/usr/bin/c++     -fvisibility-inlines-hidden  -std=c++11  -Wall  -Wextra  -Wshadow  -pedantic  -pedantic-errors  -Wfloat-equal  -fstrict-aliasing  -Wno-deprecated-declarations -DHAVE_CXX_FLAG_WSTRICT_ALIASING  -Wstrict-aliasing   -rdynamic  CMakeFiles/cmTC_cece1.dir/src.cxx.o  -o cmTC_cece1 -rdynamic 
make[1]: Leaving directory '/home/yyoo/src/pytorch/build/CMakeFiles/CMakeTmp'

Source file was:
int main() { return 0; }
Performing C++ SOURCE FILE Test HAVE_CXX_FLAG_COVERAGE succeeded with the following output:
Change Dir: /home/yyoo/src/pytorch/build/CMakeFiles/CMakeTmp

Run Build Command:"/usr/bin/make" "cmTC_125c0/fast"
/usr/bin/make -f CMakeFiles/cmTC_125c0.dir/build.make CMakeFiles/cmTC_125c0.dir/build
make[1]: Entering directory '/home/yyoo/src/pytorch/build/CMakeFiles/CMakeTmp'
Building CXX object CMakeFiles/cmTC_125c0.dir/src.cxx.o
/usr/bin/c++     -fvisibility-inlines-hidden  -std=c++11  -Wall  -Wextra  -Wshadow  -pedantic  -pedantic-errors  -Wfloat-equal  -fstrict-aliasing  -Wno-deprecated-declarations  -Wstrict-aliasing -DHAVE_CXX_FLAG_COVERAGE  --coverage   --coverage -o CMakeFiles/cmTC_125c0.dir/src.cxx.o -c /home/yyoo/src/pytorch/build/CMakeFiles/CMakeTmp/src.cxx
Linking CXX executable cmTC_125c0
/usr/bin/cmake -E cmake_link_script CMakeFiles/cmTC_125c0.dir/link.txt --verbose=1
/usr/bin/c++     -fvisibility-inlines-hidden  -std=c++11  -Wall  -Wextra  -Wshadow  -pedantic  -pedantic-errors  -Wfloat-equal  -fstrict-aliasing  -Wno-deprecated-declarations  -Wstrict-aliasing -DHAVE_CXX_FLAG_COVERAGE  --coverage   -rdynamic  CMakeFiles/cmTC_125c0.dir/src.cxx.o  -o cmTC_125c0 -rdynamic 
make[1]: Leaving directory '/home/yyoo/src/pytorch/build/CMakeFiles/CMakeTmp'

Source file was:
int main() { return 0; }
Performing C++ SOURCE FILE Test COMPILER_SUPPORTS_AVX512 succeeded with the following output:
Change Dir: /home/yyoo/src/pytorch/build/CMakeFiles/CMakeTmp

Run Build Command:"/usr/bin/make" "cmTC_9b6f9/fast"
/usr/bin/make -f CMakeFiles/cmTC_9b6f9.dir/build.make CMakeFiles/cmTC_9b6f9.dir/build
make[1]: Entering directory '/home/yyoo/src/pytorch/build/CMakeFiles/CMakeTmp'
Building CXX object CMakeFiles/cmTC_9b6f9.dir/src.cxx.o
/usr/bin/c++     -fvisibility-inlines-hidden -DCOMPILER_SUPPORTS_AVX512   -mavx512f -o CMakeFiles/cmTC_9b6f9.dir/src.cxx.o -c /home/yyoo/src/pytorch/build/CMakeFiles/CMakeTmp/src.cxx
Linking CXX executable cmTC_9b6f9
/usr/bin/cmake -E cmake_link_script CMakeFiles/cmTC_9b6f9.dir/link.txt --verbose=1
/usr/bin/c++     -fvisibility-inlines-hidden -DCOMPILER_SUPPORTS_AVX512   -rdynamic  CMakeFiles/cmTC_9b6f9.dir/src.cxx.o  -o cmTC_9b6f9 
make[1]: Leaving directory '/home/yyoo/src/pytorch/build/CMakeFiles/CMakeTmp'

Source file was:
int main() { return 0; }
Performing C SOURCE FILE Test OpenMP_FLAG_DETECTED succeeded with the following output:
Change Dir: /home/yyoo/src/pytorch/build/CMakeFiles/CMakeTmp

Run Build Command:"/usr/bin/make" "cmTC_8db26/fast"
/usr/bin/make -f CMakeFiles/cmTC_8db26.dir/build.make CMakeFiles/cmTC_8db26.dir/build
make[1]: Entering directory '/home/yyoo/src/pytorch/build/CMakeFiles/CMakeTmp'
Building C object CMakeFiles/cmTC_8db26.dir/src.c.o
/usr/bin/cc    -DOpenMP_FLAG_DETECTED -fopenmp   -o CMakeFiles/cmTC_8db26.dir/src.c.o   -c /home/yyoo/src/pytorch/build/CMakeFiles/CMakeTmp/src.c
Linking C executable cmTC_8db26
/usr/bin/cmake -E cmake_link_script CMakeFiles/cmTC_8db26.dir/link.txt --verbose=1
/usr/bin/cc    -DOpenMP_FLAG_DETECTED -fopenmp   -rdynamic  CMakeFiles/cmTC_8db26.dir/src.c.o  -o cmTC_8db26 
make[1]: Leaving directory '/home/yyoo/src/pytorch/build/CMakeFiles/CMakeTmp'

Source file was:

#include <omp.h>
int main() {
#ifdef _OPENMP
  return 0;
#else
  breaks_on_purpose
#endif
}

Performing C++ SOURCE FILE Test OpenMP_FLAG_DETECTED succeeded with the following output:
Change Dir: /home/yyoo/src/pytorch/build/CMakeFiles/CMakeTmp

Run Build Command:"/usr/bin/make" "cmTC_b1d2a/fast"
/usr/bin/make -f CMakeFiles/cmTC_b1d2a.dir/build.make CMakeFiles/cmTC_b1d2a.dir/build
make[1]: Entering directory '/home/yyoo/src/pytorch/build/CMakeFiles/CMakeTmp'
Building CXX object CMakeFiles/cmTC_b1d2a.dir/src.cxx.o
/usr/bin/c++     -fvisibility-inlines-hidden -DOpenMP_FLAG_DETECTED -fopenmp   -o CMakeFiles/cmTC_b1d2a.dir/src.cxx.o -c /home/yyoo/src/pytorch/build/CMakeFiles/CMakeTmp/src.cxx
Linking CXX executable cmTC_b1d2a
/usr/bin/cmake -E cmake_link_script CMakeFiles/cmTC_b1d2a.dir/link.txt --verbose=1
/usr/bin/c++     -fvisibility-inlines-hidden -DOpenMP_FLAG_DETECTED -fopenmp   -rdynamic  CMakeFiles/cmTC_b1d2a.dir/src.cxx.o  -o cmTC_b1d2a 
make[1]: Leaving directory '/home/yyoo/src/pytorch/build/CMakeFiles/CMakeTmp'

Source file was:

#include <omp.h>
int main() {
#ifdef _OPENMP
  return 0;
#else
  breaks_on_purpose
#endif
}

Performing C++ SOURCE FILE Test __CxxFlag__msse succeeded with the following output:
Change Dir: /home/yyoo/src/pytorch/build/CMakeFiles/CMakeTmp

Run Build Command:"/usr/bin/make" "cmTC_11d96/fast"
/usr/bin/make -f CMakeFiles/cmTC_11d96.dir/build.make CMakeFiles/cmTC_11d96.dir/build
make[1]: Entering directory '/home/yyoo/src/pytorch/build/CMakeFiles/CMakeTmp'
Building CXX object CMakeFiles/cmTC_11d96.dir/src.cxx.o
/usr/bin/c++     -fvisibility-inlines-hidden -fopenmp -D__CxxFlag__msse   -msse -o CMakeFiles/cmTC_11d96.dir/src.cxx.o -c /home/yyoo/src/pytorch/build/CMakeFiles/CMakeTmp/src.cxx
Linking CXX executable cmTC_11d96
/usr/bin/cmake -E cmake_link_script CMakeFiles/cmTC_11d96.dir/link.txt --verbose=1
/usr/bin/c++     -fvisibility-inlines-hidden -fopenmp -D__CxxFlag__msse    CMakeFiles/cmTC_11d96.dir/src.cxx.o  -o cmTC_11d96 -rdynamic 
make[1]: Leaving directory '/home/yyoo/src/pytorch/build/CMakeFiles/CMakeTmp'

Source file was:
int main() { return 0; }
Performing C++ SOURCE FILE Test __CxxFlag__msse2 succeeded with the following output:
Change Dir: /home/yyoo/src/pytorch/build/CMakeFiles/CMakeTmp

Run Build Command:"/usr/bin/make" "cmTC_5fdb2/fast"
/usr/bin/make -f CMakeFiles/cmTC_5fdb2.dir/build.make CMakeFiles/cmTC_5fdb2.dir/build
make[1]: Entering directory '/home/yyoo/src/pytorch/build/CMakeFiles/CMakeTmp'
Building CXX object CMakeFiles/cmTC_5fdb2.dir/src.cxx.o
/usr/bin/c++     -fvisibility-inlines-hidden -fopenmp -D__CxxFlag__msse2   -msse2 -o CMakeFiles/cmTC_5fdb2.dir/src.cxx.o -c /home/yyoo/src/pytorch/build/CMakeFiles/CMakeTmp/src.cxx
Linking CXX executable cmTC_5fdb2
/usr/bin/cmake -E cmake_link_script CMakeFiles/cmTC_5fdb2.dir/link.txt --verbose=1
/usr/bin/c++     -fvisibility-inlines-hidden -fopenmp -D__CxxFlag__msse2    CMakeFiles/cmTC_5fdb2.dir/src.cxx.o  -o cmTC_5fdb2 -rdynamic 
make[1]: Leaving directory '/home/yyoo/src/pytorch/build/CMakeFiles/CMakeTmp'

Source file was:
int main() { return 0; }
Performing C++ SOURCE FILE Test __CxxFlag__msse3 succeeded with the following output:
Change Dir: /home/yyoo/src/pytorch/build/CMakeFiles/CMakeTmp

Run Build Command:"/usr/bin/make" "cmTC_6f4f0/fast"
/usr/bin/make -f CMakeFiles/cmTC_6f4f0.dir/build.make CMakeFiles/cmTC_6f4f0.dir/build
make[1]: Entering directory '/home/yyoo/src/pytorch/build/CMakeFiles/CMakeTmp'
Building CXX object CMakeFiles/cmTC_6f4f0.dir/src.cxx.o
/usr/bin/c++     -fvisibility-inlines-hidden -fopenmp -D__CxxFlag__msse3   -msse3 -o CMakeFiles/cmTC_6f4f0.dir/src.cxx.o -c /home/yyoo/src/pytorch/build/CMakeFiles/CMakeTmp/src.cxx
Linking CXX executable cmTC_6f4f0
/usr/bin/cmake -E cmake_link_script CMakeFiles/cmTC_6f4f0.dir/link.txt --verbose=1
/usr/bin/c++     -fvisibility-inlines-hidden -fopenmp -D__CxxFlag__msse3    CMakeFiles/cmTC_6f4f0.dir/src.cxx.o  -o cmTC_6f4f0 -rdynamic 
make[1]: Leaving directory '/home/yyoo/src/pytorch/build/CMakeFiles/CMakeTmp'

Source file was:
int main() { return 0; }
Performing C++ SOURCE FILE Test __CxxFlag__mssse3 succeeded with the following output:
Change Dir: /home/yyoo/src/pytorch/build/CMakeFiles/CMakeTmp

Run Build Command:"/usr/bin/make" "cmTC_e3caa/fast"
/usr/bin/make -f CMakeFiles/cmTC_e3caa.dir/build.make CMakeFiles/cmTC_e3caa.dir/build
make[1]: Entering directory '/home/yyoo/src/pytorch/build/CMakeFiles/CMakeTmp'
Building CXX object CMakeFiles/cmTC_e3caa.dir/src.cxx.o
/usr/bin/c++     -fvisibility-inlines-hidden -fopenmp -D__CxxFlag__mssse3   -mssse3 -o CMakeFiles/cmTC_e3caa.dir/src.cxx.o -c /home/yyoo/src/pytorch/build/CMakeFiles/CMakeTmp/src.cxx
Linking CXX executable cmTC_e3caa
/usr/bin/cmake -E cmake_link_script CMakeFiles/cmTC_e3caa.dir/link.txt --verbose=1
/usr/bin/c++     -fvisibility-inlines-hidden -fopenmp -D__CxxFlag__mssse3    CMakeFiles/cmTC_e3caa.dir/src.cxx.o  -o cmTC_e3caa -rdynamic 
make[1]: Leaving directory '/home/yyoo/src/pytorch/build/CMakeFiles/CMakeTmp'

Source file was:
int main() { return 0; }
Performing C++ SOURCE FILE Test __CxxFlag__msse4_1 succeeded with the following output:
Change Dir: /home/yyoo/src/pytorch/build/CMakeFiles/CMakeTmp

Run Build Command:"/usr/bin/make" "cmTC_8da99/fast"
/usr/bin/make -f CMakeFiles/cmTC_8da99.dir/build.make CMakeFiles/cmTC_8da99.dir/build
make[1]: Entering directory '/home/yyoo/src/pytorch/build/CMakeFiles/CMakeTmp'
Building CXX object CMakeFiles/cmTC_8da99.dir/src.cxx.o
/usr/bin/c++     -fvisibility-inlines-hidden -fopenmp -D__CxxFlag__msse4_1   -msse4.1 -o CMakeFiles/cmTC_8da99.dir/src.cxx.o -c /home/yyoo/src/pytorch/build/CMakeFiles/CMakeTmp/src.cxx
Linking CXX executable cmTC_8da99
/usr/bin/cmake -E cmake_link_script CMakeFiles/cmTC_8da99.dir/link.txt --verbose=1
/usr/bin/c++     -fvisibility-inlines-hidden -fopenmp -D__CxxFlag__msse4_1    CMakeFiles/cmTC_8da99.dir/src.cxx.o  -o cmTC_8da99 -rdynamic 
make[1]: Leaving directory '/home/yyoo/src/pytorch/build/CMakeFiles/CMakeTmp'

Source file was:
int main() { return 0; }
Performing C++ SOURCE FILE Test __CxxFlag__msse4_2 succeeded with the following output:
Change Dir: /home/yyoo/src/pytorch/build/CMakeFiles/CMakeTmp

Run Build Command:"/usr/bin/make" "cmTC_69047/fast"
/usr/bin/make -f CMakeFiles/cmTC_69047.dir/build.make CMakeFiles/cmTC_69047.dir/build
make[1]: Entering directory '/home/yyoo/src/pytorch/build/CMakeFiles/CMakeTmp'
Building CXX object CMakeFiles/cmTC_69047.dir/src.cxx.o
/usr/bin/c++     -fvisibility-inlines-hidden -fopenmp -D__CxxFlag__msse4_2   -msse4.2 -o CMakeFiles/cmTC_69047.dir/src.cxx.o -c /home/yyoo/src/pytorch/build/CMakeFiles/CMakeTmp/src.cxx
Linking CXX executable cmTC_69047
/usr/bin/cmake -E cmake_link_script CMakeFiles/cmTC_69047.dir/link.txt --verbose=1
/usr/bin/c++     -fvisibility-inlines-hidden -fopenmp -D__CxxFlag__msse4_2    CMakeFiles/cmTC_69047.dir/src.cxx.o  -o cmTC_69047 -rdynamic 
make[1]: Leaving directory '/home/yyoo/src/pytorch/build/CMakeFiles/CMakeTmp'

Source file was:
int main() { return 0; }
Performing C++ SOURCE FILE Test __CxxFlag__mavx succeeded with the following output:
Change Dir: /home/yyoo/src/pytorch/build/CMakeFiles/CMakeTmp

Run Build Command:"/usr/bin/make" "cmTC_55b11/fast"
/usr/bin/make -f CMakeFiles/cmTC_55b11.dir/build.make CMakeFiles/cmTC_55b11.dir/build
make[1]: Entering directory '/home/yyoo/src/pytorch/build/CMakeFiles/CMakeTmp'
Building CXX object CMakeFiles/cmTC_55b11.dir/src.cxx.o
/usr/bin/c++     -fvisibility-inlines-hidden -fopenmp -D__CxxFlag__mavx   -mavx -o CMakeFiles/cmTC_55b11.dir/src.cxx.o -c /home/yyoo/src/pytorch/build/CMakeFiles/CMakeTmp/src.cxx
Linking CXX executable cmTC_55b11
/usr/bin/cmake -E cmake_link_script CMakeFiles/cmTC_55b11.dir/link.txt --verbose=1
/usr/bin/c++     -fvisibility-inlines-hidden -fopenmp -D__CxxFlag__mavx    CMakeFiles/cmTC_55b11.dir/src.cxx.o  -o cmTC_55b11 -rdynamic 
make[1]: Leaving directory '/home/yyoo/src/pytorch/build/CMakeFiles/CMakeTmp'

Source file was:
int main() { return 0; }
Performing C++ SOURCE FILE Test __CxxFlag__mavx2 succeeded with the following output:
Change Dir: /home/yyoo/src/pytorch/build/CMakeFiles/CMakeTmp

Run Build Command:"/usr/bin/make" "cmTC_3b6a5/fast"
/usr/bin/make -f CMakeFiles/cmTC_3b6a5.dir/build.make CMakeFiles/cmTC_3b6a5.dir/build
make[1]: Entering directory '/home/yyoo/src/pytorch/build/CMakeFiles/CMakeTmp'
Building CXX object CMakeFiles/cmTC_3b6a5.dir/src.cxx.o
/usr/bin/c++     -fvisibility-inlines-hidden -fopenmp -D__CxxFlag__mavx2   -mavx2 -o CMakeFiles/cmTC_3b6a5.dir/src.cxx.o -c /home/yyoo/src/pytorch/build/CMakeFiles/CMakeTmp/src.cxx
Linking CXX executable cmTC_3b6a5
/usr/bin/cmake -E cmake_link_script CMakeFiles/cmTC_3b6a5.dir/link.txt --verbose=1
/usr/bin/c++     -fvisibility-inlines-hidden -fopenmp -D__CxxFlag__mavx2    CMakeFiles/cmTC_3b6a5.dir/src.cxx.o  -o cmTC_3b6a5 -rdynamic 
make[1]: Leaving directory '/home/yyoo/src/pytorch/build/CMakeFiles/CMakeTmp'

Source file was:
int main() { return 0; }
Performing C++ SOURCE FILE Test __CxxFlag__std_c__17 succeeded with the following output:
Change Dir: /home/yyoo/src/pytorch/build/CMakeFiles/CMakeTmp

Run Build Command:"/usr/bin/make" "cmTC_34603/fast"
/usr/bin/make -f CMakeFiles/cmTC_34603.dir/build.make CMakeFiles/cmTC_34603.dir/build
make[1]: Entering directory '/home/yyoo/src/pytorch/build/CMakeFiles/CMakeTmp'
Building CXX object CMakeFiles/cmTC_34603.dir/src.cxx.o
/usr/bin/c++     -fvisibility-inlines-hidden -fopenmp -D__CxxFlag__std_c__17   -std=c++17 -o CMakeFiles/cmTC_34603.dir/src.cxx.o -c /home/yyoo/src/pytorch/build/CMakeFiles/CMakeTmp/src.cxx
Linking CXX executable cmTC_34603
/usr/bin/cmake -E cmake_link_script CMakeFiles/cmTC_34603.dir/link.txt --verbose=1
/usr/bin/c++     -fvisibility-inlines-hidden -fopenmp -D__CxxFlag__std_c__17    CMakeFiles/cmTC_34603.dir/src.cxx.o  -o cmTC_34603 -rdynamic 
make[1]: Leaving directory '/home/yyoo/src/pytorch/build/CMakeFiles/CMakeTmp'

Source file was:
int main() { return 0; }
Performing C++ SOURCE FILE Test __CxxFlag__std_c__14 succeeded with the following output:
Change Dir: /home/yyoo/src/pytorch/build/CMakeFiles/CMakeTmp

Run Build Command:"/usr/bin/make" "cmTC_4d5d1/fast"
/usr/bin/make -f CMakeFiles/cmTC_4d5d1.dir/build.make CMakeFiles/cmTC_4d5d1.dir/build
make[1]: Entering directory '/home/yyoo/src/pytorch/build/CMakeFiles/CMakeTmp'
Building CXX object CMakeFiles/cmTC_4d5d1.dir/src.cxx.o
/usr/bin/c++     -fvisibility-inlines-hidden -fopenmp -D__CxxFlag__std_c__14   -std=c++14 -o CMakeFiles/cmTC_4d5d1.dir/src.cxx.o -c /home/yyoo/src/pytorch/build/CMakeFiles/CMakeTmp/src.cxx
Linking CXX executable cmTC_4d5d1
/usr/bin/cmake -E cmake_link_script CMakeFiles/cmTC_4d5d1.dir/link.txt --verbose=1
/usr/bin/c++     -fvisibility-inlines-hidden -fopenmp -D__CxxFlag__std_c__14    CMakeFiles/cmTC_4d5d1.dir/src.cxx.o  -o cmTC_4d5d1 -rdynamic 
make[1]: Leaving directory '/home/yyoo/src/pytorch/build/CMakeFiles/CMakeTmp'

Source file was:
int main() { return 0; }
Performing C++ SOURCE FILE Test __CxxFlag__std_c__11 succeeded with the following output:
Change Dir: /home/yyoo/src/pytorch/build/CMakeFiles/CMakeTmp

Run Build Command:"/usr/bin/make" "cmTC_09dba/fast"
/usr/bin/make -f CMakeFiles/cmTC_09dba.dir/build.make CMakeFiles/cmTC_09dba.dir/build
make[1]: Entering directory '/home/yyoo/src/pytorch/build/CMakeFiles/CMakeTmp'
Building CXX object CMakeFiles/cmTC_09dba.dir/src.cxx.o
/usr/bin/c++     -fvisibility-inlines-hidden -fopenmp -D__CxxFlag__std_c__11   -std=c++11 -o CMakeFiles/cmTC_09dba.dir/src.cxx.o -c /home/yyoo/src/pytorch/build/CMakeFiles/CMakeTmp/src.cxx
Linking CXX executable cmTC_09dba
/usr/bin/cmake -E cmake_link_script CMakeFiles/cmTC_09dba.dir/link.txt --verbose=1
/usr/bin/c++     -fvisibility-inlines-hidden -fopenmp -D__CxxFlag__std_c__11    CMakeFiles/cmTC_09dba.dir/src.cxx.o  -o cmTC_09dba -rdynamic 
make[1]: Leaving directory '/home/yyoo/src/pytorch/build/CMakeFiles/CMakeTmp'

Source file was:
int main() { return 0; }
Performing C++ SOURCE FILE Test __CxxFlag__std_c__0x succeeded with the following output:
Change Dir: /home/yyoo/src/pytorch/build/CMakeFiles/CMakeTmp

Run Build Command:"/usr/bin/make" "cmTC_c8c27/fast"
/usr/bin/make -f CMakeFiles/cmTC_c8c27.dir/build.make CMakeFiles/cmTC_c8c27.dir/build
make[1]: Entering directory '/home/yyoo/src/pytorch/build/CMakeFiles/CMakeTmp'
Building CXX object CMakeFiles/cmTC_c8c27.dir/src.cxx.o
/usr/bin/c++     -fvisibility-inlines-hidden -fopenmp -D__CxxFlag__std_c__0x   -std=c++0x -o CMakeFiles/cmTC_c8c27.dir/src.cxx.o -c /home/yyoo/src/pytorch/build/CMakeFiles/CMakeTmp/src.cxx
Linking CXX executable cmTC_c8c27
/usr/bin/cmake -E cmake_link_script CMakeFiles/cmTC_c8c27.dir/link.txt --verbose=1
/usr/bin/c++     -fvisibility-inlines-hidden -fopenmp -D__CxxFlag__std_c__0x    CMakeFiles/cmTC_c8c27.dir/src.cxx.o  -o cmTC_c8c27 -rdynamic 
make[1]: Leaving directory '/home/yyoo/src/pytorch/build/CMakeFiles/CMakeTmp'

Source file was:
int main() { return 0; }
Performing C++ SOURCE FILE Test __CxxFlag__fno_tree_vectorize succeeded with the following output:
Change Dir: /home/yyoo/src/pytorch/build/CMakeFiles/CMakeTmp

Run Build Command:"/usr/bin/make" "cmTC_02d7b/fast"
/usr/bin/make -f CMakeFiles/cmTC_02d7b.dir/build.make CMakeFiles/cmTC_02d7b.dir/build
make[1]: Entering directory '/home/yyoo/src/pytorch/build/CMakeFiles/CMakeTmp'
Building CXX object CMakeFiles/cmTC_02d7b.dir/src.cxx.o
/usr/bin/c++     -fvisibility-inlines-hidden -fopenmp -D__CxxFlag__fno_tree_vectorize   -fno-tree-vectorize -o CMakeFiles/cmTC_02d7b.dir/src.cxx.o -c /home/yyoo/src/pytorch/build/CMakeFiles/CMakeTmp/src.cxx
Linking CXX executable cmTC_02d7b
/usr/bin/cmake -E cmake_link_script CMakeFiles/cmTC_02d7b.dir/link.txt --verbose=1
/usr/bin/c++     -fvisibility-inlines-hidden -fopenmp -D__CxxFlag__fno_tree_vectorize    CMakeFiles/cmTC_02d7b.dir/src.cxx.o  -o cmTC_02d7b -rdynamic 
make[1]: Leaving directory '/home/yyoo/src/pytorch/build/CMakeFiles/CMakeTmp'

Source file was:
int main() { return 0; }
Performing C++ SOURCE FILE Test __CxxFlag__fvisibility_hidden succeeded with the following output:
Change Dir: /home/yyoo/src/pytorch/build/CMakeFiles/CMakeTmp

Run Build Command:"/usr/bin/make" "cmTC_c6b00/fast"
/usr/bin/make -f CMakeFiles/cmTC_c6b00.dir/build.make CMakeFiles/cmTC_c6b00.dir/build
make[1]: Entering directory '/home/yyoo/src/pytorch/build/CMakeFiles/CMakeTmp'
Building CXX object CMakeFiles/cmTC_c6b00.dir/src.cxx.o
/usr/bin/c++     -fvisibility-inlines-hidden -fopenmp -D__CxxFlag__fvisibility_hidden   -fvisibility=hidden -o CMakeFiles/cmTC_c6b00.dir/src.cxx.o -c /home/yyoo/src/pytorch/build/CMakeFiles/CMakeTmp/src.cxx
Linking CXX executable cmTC_c6b00
/usr/bin/cmake -E cmake_link_script CMakeFiles/cmTC_c6b00.dir/link.txt --verbose=1
/usr/bin/c++     -fvisibility-inlines-hidden -fopenmp -D__CxxFlag__fvisibility_hidden    CMakeFiles/cmTC_c6b00.dir/src.cxx.o  -o cmTC_c6b00 -rdynamic 
make[1]: Leaving directory '/home/yyoo/src/pytorch/build/CMakeFiles/CMakeTmp'

Source file was:
int main() { return 0; }
Performing C++ SOURCE FILE Test __CxxFlag__O2 succeeded with the following output:
Change Dir: /home/yyoo/src/pytorch/build/CMakeFiles/CMakeTmp

Run Build Command:"/usr/bin/make" "cmTC_cf4b1/fast"
/usr/bin/make -f CMakeFiles/cmTC_cf4b1.dir/build.make CMakeFiles/cmTC_cf4b1.dir/build
make[1]: Entering directory '/home/yyoo/src/pytorch/build/CMakeFiles/CMakeTmp'
Building CXX object CMakeFiles/cmTC_cf4b1.dir/src.cxx.o
/usr/bin/c++     -fvisibility-inlines-hidden -fopenmp -D__CxxFlag__O2   -O2 -o CMakeFiles/cmTC_cf4b1.dir/src.cxx.o -c /home/yyoo/src/pytorch/build/CMakeFiles/CMakeTmp/src.cxx
Linking CXX executable cmTC_cf4b1
/usr/bin/cmake -E cmake_link_script CMakeFiles/cmTC_cf4b1.dir/link.txt --verbose=1
/usr/bin/c++     -fvisibility-inlines-hidden -fopenmp -D__CxxFlag__O2    CMakeFiles/cmTC_cf4b1.dir/src.cxx.o  -o cmTC_cf4b1 -rdynamic 
make[1]: Leaving directory '/home/yyoo/src/pytorch/build/CMakeFiles/CMakeTmp'

Source file was:
int main() { return 0; }
Performing C++ SOURCE FILE Test __CxxFlag__fno_keep_static_consts succeeded with the following output:
Change Dir: /home/yyoo/src/pytorch/build/CMakeFiles/CMakeTmp

Run Build Command:"/usr/bin/make" "cmTC_23636/fast"
/usr/bin/make -f CMakeFiles/cmTC_23636.dir/build.make CMakeFiles/cmTC_23636.dir/build
make[1]: Entering directory '/home/yyoo/src/pytorch/build/CMakeFiles/CMakeTmp'
Building CXX object CMakeFiles/cmTC_23636.dir/src.cxx.o
/usr/bin/c++     -fvisibility-inlines-hidden -fopenmp -D__CxxFlag__fno_keep_static_consts   -fno-keep-static-consts -o CMakeFiles/cmTC_23636.dir/src.cxx.o -c /home/yyoo/src/pytorch/build/CMakeFiles/CMakeTmp/src.cxx
Linking CXX executable cmTC_23636
/usr/bin/cmake -E cmake_link_script CMakeFiles/cmTC_23636.dir/link.txt --verbose=1
/usr/bin/c++     -fvisibility-inlines-hidden -fopenmp -D__CxxFlag__fno_keep_static_consts    CMakeFiles/cmTC_23636.dir/src.cxx.o  -o cmTC_23636 -rdynamic 
make[1]: Leaving directory '/home/yyoo/src/pytorch/build/CMakeFiles/CMakeTmp'

Source file was:
int main() { return 0; }
Performing C++ SOURCE FILE Test __CxxFlag__fmerge_all_constants succeeded with the following output:
Change Dir: /home/yyoo/src/pytorch/build/CMakeFiles/CMakeTmp

Run Build Command:"/usr/bin/make" "cmTC_b7f3b/fast"
/usr/bin/make -f CMakeFiles/cmTC_b7f3b.dir/build.make CMakeFiles/cmTC_b7f3b.dir/build
make[1]: Entering directory '/home/yyoo/src/pytorch/build/CMakeFiles/CMakeTmp'
Building CXX object CMakeFiles/cmTC_b7f3b.dir/src.cxx.o
/usr/bin/c++     -fvisibility-inlines-hidden -fopenmp -D__CxxFlag__fmerge_all_constants   -fmerge-all-constants -o CMakeFiles/cmTC_b7f3b.dir/src.cxx.o -c /home/yyoo/src/pytorch/build/CMakeFiles/CMakeTmp/src.cxx
Linking CXX executable cmTC_b7f3b
/usr/bin/cmake -E cmake_link_script CMakeFiles/cmTC_b7f3b.dir/link.txt --verbose=1
/usr/bin/c++     -fvisibility-inlines-hidden -fopenmp -D__CxxFlag__fmerge_all_constants    CMakeFiles/cmTC_b7f3b.dir/src.cxx.o  -o cmTC_b7f3b -rdynamic 
make[1]: Leaving directory '/home/yyoo/src/pytorch/build/CMakeFiles/CMakeTmp'

Source file was:
int main() { return 0; }
